TN:
SF:src\app\App.tsx
FN:16,App
FN:19,(anonymous_1)
FN:21,(anonymous_2)
FN:26,(anonymous_3)
FN:31,(anonymous_4)
FN:35,(anonymous_5)
FN:38,(anonymous_6)
FN:39,(anonymous_7)
FN:59,(anonymous_8)
FN:79,(anonymous_9)
FN:97,(anonymous_10)
FNF:11
FNH:0
FNDA:0,App
FNDA:0,(anonymous_1)
FNDA:0,(anonymous_2)
FNDA:0,(anonymous_3)
FNDA:0,(anonymous_4)
FNDA:0,(anonymous_5)
FNDA:0,(anonymous_6)
FNDA:0,(anonymous_7)
FNDA:0,(anonymous_8)
FNDA:0,(anonymous_9)
FNDA:0,(anonymous_10)
DA:12,0
DA:13,0
DA:17,0
DA:19,0
DA:20,0
DA:22,0
DA:23,0
DA:27,0
DA:31,0
DA:32,0
DA:35,0
DA:36,0
DA:38,0
DA:39,0
DA:40,0
DA:41,0
DA:43,0
DA:44,0
DA:45,0
DA:46,0
DA:48,0
DA:49,0
DA:50,0
DA:52,0
DA:59,0
DA:60,0
DA:61,0
DA:63,0
DA:64,0
DA:65,0
DA:66,0
DA:68,0
DA:69,0
DA:70,0
DA:72,0
DA:76,0
DA:79,0
DA:80,0
DA:81,0
DA:86,0
DA:98,0
DA:99,0
DA:100,0
DA:101,0
DA:110,0
LF:45
LH:0
BRDA:12,0,0,0
BRDA:12,0,1,0
BRDA:12,1,0,0
BRDA:12,1,1,0
BRDA:22,2,0,0
BRDA:22,2,1,0
BRDA:22,3,0,0
BRDA:22,3,1,0
BRDA:41,4,0,0
BRDA:41,4,1,0
BRDA:41,5,0,0
BRDA:41,5,1,0
BRDA:41,5,2,0
BRDA:43,6,0,0
BRDA:43,6,1,0
BRDA:45,7,0,0
BRDA:45,7,1,0
BRDA:46,8,0,0
BRDA:46,8,1,0
BRDA:46,8,2,0
BRDA:49,9,0,0
BRDA:49,9,1,0
BRDA:49,10,0,0
BRDA:49,10,1,0
BRDA:61,11,0,0
BRDA:61,11,1,0
BRDA:61,12,0,0
BRDA:61,12,1,0
BRDA:61,12,2,0
BRDA:63,13,0,0
BRDA:63,13,1,0
BRDA:65,14,0,0
BRDA:65,14,1,0
BRDA:66,15,0,0
BRDA:66,15,1,0
BRDA:66,15,2,0
BRDA:69,16,0,0
BRDA:69,16,1,0
BRDA:69,17,0,0
BRDA:69,17,1,0
BRDA:80,18,0,0
BRDA:80,18,1,0
BRDA:89,19,0,0
BRDA:89,19,1,0
BRDA:98,20,0,0
BRDA:98,20,1,0
BRDA:100,21,0,0
BRDA:100,21,1,0
BRF:48
BRH:0
end_of_record
TN:
SF:src\app\components\AquariumCanvas.tsx
FN:64,AquariumCanvas
FN:67,(anonymous_1)
FN:103,(anonymous_2)
FN:132,(anonymous_3)
FN:179,(anonymous_4)
FN:192,(anonymous_5)
FN:207,(anonymous_6)
FN:231,(anonymous_7)
FN:277,(anonymous_8)
FN:318,(anonymous_9)
FN:335,(anonymous_10)
FN:386,(anonymous_11)
FN:556,(anonymous_12)
FN:604,(anonymous_13)
FNF:14
FNH:0
FNDA:0,AquariumCanvas
FNDA:0,(anonymous_1)
FNDA:0,(anonymous_2)
FNDA:0,(anonymous_3)
FNDA:0,(anonymous_4)
FNDA:0,(anonymous_5)
FNDA:0,(anonymous_6)
FNDA:0,(anonymous_7)
FNDA:0,(anonymous_8)
FNDA:0,(anonymous_9)
FNDA:0,(anonymous_10)
FNDA:0,(anonymous_11)
FNDA:0,(anonymous_12)
FNDA:0,(anonymous_13)
DA:65,0
DA:67,0
DA:68,0
DA:69,0
DA:71,0
DA:72,0
DA:75,0
DA:76,0
DA:77,0
DA:80,0
DA:81,0
DA:82,0
DA:85,0
DA:103,0
DA:104,0
DA:105,0
DA:125,0
DA:126,0
DA:128,0
DA:129,0
DA:132,0
DA:143,0
DA:179,0
DA:189,0
DA:192,0
DA:193,0
DA:194,0
DA:195,0
DA:198,0
DA:207,0
DA:208,0
DA:209,0
DA:210,0
DA:211,0
DA:212,0
DA:213,0
DA:214,0
DA:215,0
DA:218,0
DA:219,0
DA:224,0
DA:228,0
DA:231,0
DA:232,0
DA:235,0
DA:236,0
DA:237,0
DA:239,0
DA:240,0
DA:241,0
DA:242,0
DA:243,0
DA:244,0
DA:248,0
DA:249,0
DA:250,0
DA:251,0
DA:252,0
DA:254,0
DA:256,0
DA:257,0
DA:259,0
DA:260,0
DA:261,0
DA:262,0
DA:263,0
DA:264,0
DA:265,0
DA:267,0
DA:268,0
DA:269,0
DA:270,0
DA:271,0
DA:272,0
DA:273,0
DA:274,0
DA:277,0
DA:278,0
DA:279,0
DA:282,0
DA:283,0
DA:284,0
DA:285,0
DA:287,0
DA:288,0
DA:289,0
DA:291,0
DA:292,0
DA:294,0
DA:295,0
DA:296,0
DA:298,0
DA:300,0
DA:301,0
DA:303,0
DA:304,0
DA:307,0
DA:310,0
DA:311,0
DA:312,0
DA:314,0
DA:318,0
DA:319,0
DA:320,0
DA:323,0
DA:324,0
DA:325,0
DA:328,0
DA:329,0
DA:330,0
DA:331,0
DA:335,0
DA:336,0
DA:337,0
DA:338,0
DA:341,0
DA:342,0
DA:343,0
DA:346,0
DA:347,0
DA:348,0
DA:351,0
DA:352,0
DA:353,0
DA:356,0
DA:357,0
DA:358,0
DA:366,0
DA:367,0
DA:368,0
DA:369,0
DA:370,0
DA:372,0
DA:373,0
DA:374,0
DA:377,0
DA:378,0
DA:379,0
DA:380,0
DA:382,0
DA:386,0
DA:388,0
DA:390,0
DA:391,0
DA:392,0
DA:396,0
DA:397,0
DA:398,0
DA:399,0
DA:402,0
DA:405,0
DA:406,0
DA:408,0
DA:412,0
DA:413,0
DA:416,0
DA:417,0
DA:420,0
DA:421,0
DA:422,0
DA:425,0
DA:426,0
DA:427,0
DA:429,0
DA:430,0
DA:431,0
DA:432,0
DA:435,0
DA:436,0
DA:437,0
DA:438,0
DA:441,0
DA:442,0
DA:445,0
DA:446,0
DA:449,0
DA:450,0
DA:451,0
DA:452,0
DA:453,0
DA:455,0
DA:457,0
DA:458,0
DA:461,0
DA:462,0
DA:464,0
DA:465,0
DA:467,0
DA:469,0
DA:472,0
DA:473,0
DA:476,0
DA:479,0
DA:480,0
DA:481,0
DA:482,0
DA:484,0
DA:485,0
DA:486,0
DA:487,0
DA:489,0
DA:491,0
DA:492,0
DA:493,0
DA:495,0
DA:496,0
DA:497,0
DA:498,0
DA:499,0
DA:512,0
DA:513,0
DA:515,0
DA:516,0
DA:517,0
DA:518,0
DA:531,0
DA:532,0
DA:534,0
DA:535,0
DA:536,0
DA:537,0
DA:549,0
DA:552,0
DA:556,0
DA:557,0
DA:558,0
DA:560,0
DA:561,0
DA:562,0
DA:565,0
DA:566,0
DA:567,0
DA:568,0
DA:569,0
DA:570,0
DA:573,0
DA:574,0
DA:575,0
DA:576,0
DA:577,0
DA:578,0
DA:582,0
DA:583,0
DA:591,0
DA:592,0
DA:593,0
DA:594,0
DA:595,0
DA:598,0
DA:601,0
DA:604,0
DA:605,0
DA:606,0
DA:610,0
LF:254
LH:0
BRDA:69,0,0,0
BRDA:69,0,1,0
BRDA:72,1,0,0
BRDA:72,1,1,0
BRDA:75,2,0,0
BRDA:75,2,1,0
BRDA:211,3,0,0
BRDA:211,3,1,0
BRDA:236,4,0,0
BRDA:236,4,1,0
BRDA:236,5,0,0
BRDA:236,5,1,0
BRDA:323,6,0,0
BRDA:323,6,1,0
BRDA:324,7,0,0
BRDA:324,7,1,0
BRDA:325,8,0,0
BRDA:325,8,1,0
BRDA:346,9,0,0
BRDA:346,9,1,0
BRDA:390,10,0,0
BRDA:390,10,1,0
BRDA:390,11,0,0
BRDA:390,11,1,0
BRDA:408,12,0,0
BRDA:408,12,1,0
BRDA:412,13,0,0
BRDA:412,13,1,0
BRDA:420,14,0,0
BRDA:420,14,1,0
BRDA:429,15,0,0
BRDA:429,15,1,0
BRDA:431,16,0,0
BRDA:431,16,1,0
BRDA:435,17,0,0
BRDA:435,17,1,0
BRDA:437,18,0,0
BRDA:437,18,1,0
BRDA:457,19,0,0
BRDA:457,19,1,0
BRDA:465,20,0,0
BRDA:465,20,1,0
BRDA:476,21,0,0
BRDA:476,21,1,0
BRDA:489,22,0,0
BRDA:489,22,1,0
BRDA:560,23,0,0
BRDA:560,23,1,0
BRF:48
BRH:0
end_of_record
TN:
SF:src\app\components\ChannelListModal.tsx
FN:12,ChannelListModal
FN:24,(anonymous_1)
FN:26,(anonymous_2)
FN:51,(anonymous_3)
FN:62,(anonymous_4)
FN:67,(anonymous_5)
FN:107,(anonymous_6)
FN:118,(anonymous_7)
FN:148,(anonymous_8)
FN:160,(anonymous_9)
FN:193,(anonymous_10)
FN:216,(anonymous_11)
FN:216,(anonymous_12)
FN:237,(anonymous_13)
FN:241,(anonymous_14)
FN:258,(anonymous_15)
FN:283,(anonymous_16)
FN:295,(anonymous_17)
FN:346,(anonymous_18)
FNF:19
FNH:0
FNDA:0,ChannelListModal
FNDA:0,(anonymous_1)
FNDA:0,(anonymous_2)
FNDA:0,(anonymous_3)
FNDA:0,(anonymous_4)
FNDA:0,(anonymous_5)
FNDA:0,(anonymous_6)
FNDA:0,(anonymous_7)
FNDA:0,(anonymous_8)
FNDA:0,(anonymous_9)
FNDA:0,(anonymous_10)
FNDA:0,(anonymous_11)
FNDA:0,(anonymous_12)
FNDA:0,(anonymous_13)
FNDA:0,(anonymous_14)
FNDA:0,(anonymous_15)
FNDA:0,(anonymous_16)
FNDA:0,(anonymous_17)
FNDA:0,(anonymous_18)
DA:13,0
DA:14,0
DA:15,0
DA:16,0
DA:17,0
DA:19,0
DA:20,0
DA:21,0
DA:24,0
DA:25,0
DA:26,0
DA:27,0
DA:28,0
DA:29,0
DA:32,0
DA:33,0
DA:39,0
DA:40,0
DA:45,0
DA:49,0
DA:50,0
DA:51,0
DA:52,0
DA:53,0
DA:56,0
DA:59,0
DA:62,0
DA:63,0
DA:67,0
DA:68,0
DA:69,0
DA:70,0
DA:73,0
DA:77,0
DA:81,0
DA:89,0
DA:92,0
DA:93,0
DA:94,0
DA:100,0
DA:103,0
DA:106,0
DA:108,0
DA:112,0
DA:119,0
DA:120,0
DA:149,0
DA:150,0
DA:161,0
DA:162,0
DA:163,0
DA:164,0
DA:166,0
DA:168,0
DA:169,0
DA:170,0
DA:171,0
DA:174,0
DA:175,0
DA:177,0
DA:179,0
DA:183,0
DA:184,0
DA:187,0
DA:189,0
DA:194,0
DA:216,0
DA:237,0
DA:242,0
DA:243,0
DA:244,0
DA:245,0
DA:247,0
DA:248,0
DA:249,0
DA:259,0
DA:260,0
DA:261,0
DA:283,0
DA:295,0
DA:346,0
LF:81
LH:0
BRDA:32,0,0,0
BRDA:32,0,1,0
BRDA:39,1,0,0
BRDA:39,1,1,0
BRDA:39,2,0,0
BRDA:39,2,1,0
BRDA:39,2,2,0
BRDA:49,3,0,0
BRDA:49,3,1,0
BRDA:49,4,0,0
BRDA:49,4,1,0
BRDA:49,4,2,0
BRDA:52,5,0,0
BRDA:52,5,1,0
BRDA:69,6,0,0
BRDA:69,6,1,0
BRDA:69,6,2,0
BRDA:73,7,0,0
BRDA:73,7,1,0
BRDA:73,7,2,0
BRDA:73,7,3,0
BRDA:77,8,0,0
BRDA:77,8,1,0
BRDA:77,8,2,0
BRDA:77,8,3,0
BRDA:81,9,0,0
BRDA:81,9,1,0
BRDA:81,9,2,0
BRDA:81,9,3,0
BRDA:81,9,4,0
BRDA:81,9,5,0
BRDA:81,9,6,0
BRDA:89,10,0,0
BRDA:89,10,1,0
BRDA:89,11,0,0
BRDA:89,11,1,0
BRDA:89,11,2,0
BRDA:94,12,0,0
BRDA:94,12,1,0
BRDA:95,13,0,0
BRDA:95,13,1,0
BRDA:95,13,2,0
BRDA:95,13,3,0
BRDA:108,14,0,0
BRDA:108,14,1,0
BRDA:158,15,0,0
BRDA:158,15,1,0
BRDA:162,16,0,0
BRDA:162,16,1,0
BRDA:163,17,0,0
BRDA:163,17,1,0
BRDA:163,18,0,0
BRDA:163,18,1,0
BRDA:168,19,0,0
BRDA:168,19,1,0
BRDA:170,20,0,0
BRDA:170,20,1,0
BRDA:179,21,0,0
BRDA:179,21,1,0
BRDA:183,22,0,0
BRDA:183,22,1,0
BRDA:187,23,0,0
BRDA:187,23,1,0
BRDA:213,24,0,0
BRDA:213,24,1,0
BRDA:235,25,0,0
BRDA:235,25,1,0
BRDA:244,26,0,0
BRDA:244,26,1,0
BRDA:244,27,0,0
BRDA:244,27,1,0
BRDA:271,28,0,0
BRDA:271,28,1,0
BRDA:293,29,0,0
BRDA:293,29,1,0
BRDA:331,30,0,0
BRDA:331,30,1,0
BRDA:333,31,0,0
BRDA:333,31,1,0
BRF:79
BRH:0
end_of_record
TN:
SF:src\app\components\ControlButtons.tsx
FN:11,ControlButtons
FN:20,(anonymous_1)
FN:155,(anonymous_2)
FN:156,(anonymous_3)
FN:157,(anonymous_4)
FN:193,(anonymous_5)
FN:194,(anonymous_6)
FN:195,(anonymous_7)
FN:224,(anonymous_8)
FN:225,(anonymous_9)
FN:226,(anonymous_10)
FN:257,(anonymous_11)
FN:258,(anonymous_12)
FN:259,(anonymous_13)
FNF:14
FNH:0
FNDA:0,ControlButtons
FNDA:0,(anonymous_1)
FNDA:0,(anonymous_2)
FNDA:0,(anonymous_3)
FNDA:0,(anonymous_4)
FNDA:0,(anonymous_5)
FNDA:0,(anonymous_6)
FNDA:0,(anonymous_7)
FNDA:0,(anonymous_8)
FNDA:0,(anonymous_9)
FNDA:0,(anonymous_10)
FNDA:0,(anonymous_11)
FNDA:0,(anonymous_12)
FNDA:0,(anonymous_13)
DA:18,0
DA:20,0
DA:21,0
DA:22,0
DA:33,0
DA:155,0
DA:156,0
DA:157,0
DA:193,0
DA:194,0
DA:195,0
DA:224,0
DA:225,0
DA:226,0
DA:257,0
DA:258,0
DA:259,0
LF:17
LH:0
BRDA:16,0,0,0
BRDA:24,1,0,0
BRDA:24,1,1,0
BRDA:27,2,0,0
BRDA:27,2,1,0
BRDA:171,3,0,0
BRDA:171,3,1,0
BRDA:200,4,0,0
BRDA:200,4,1,0
BRDA:202,5,0,0
BRDA:202,5,1,0
BRDA:206,6,0,0
BRDA:206,6,1,0
BRDA:231,7,0,0
BRDA:231,7,1,0
BRDA:233,8,0,0
BRDA:233,8,1,0
BRDA:237,9,0,0
BRDA:237,9,1,0
BRF:19
BRH:0
end_of_record
TN:
SF:src\app\components\ErrorBoundary.tsx
FN:14,constructor
FN:19,getDerivedStateFromError
FN:23,componentDidCatch
FN:31,(anonymous_3)
FN:35,render
FN:86,(anonymous_5)
FN:89,(anonymous_6)
FNF:7
FNH:0
FNDA:0,constructor
FNDA:0,getDerivedStateFromError
FNDA:0,componentDidCatch
FNDA:0,(anonymous_3)
FNDA:0,render
FNDA:0,(anonymous_5)
FNDA:0,(anonymous_6)
DA:15,0
DA:16,0
DA:20,0
DA:26,0
DA:31,0
DA:32,0
DA:36,0
DA:37,0
DA:39,0
DA:87,0
DA:90,0
DA:99,0
LF:12
LH:0
BRDA:36,0,0,0
BRDA:36,0,1,0
BRDA:37,1,0,0
BRDA:37,1,1,0
BRF:4
BRH:0
end_of_record
TN:
SF:src\app\components\FeedbackModal.tsx
FN:6,(anonymous_0)
FN:12,(anonymous_1)
FN:18,(anonymous_2)
FN:25,(anonymous_3)
FN:68,(anonymous_4)
FN:80,(anonymous_5)
FNF:6
FNH:0
FNDA:0,(anonymous_0)
FNDA:0,(anonymous_1)
FNDA:0,(anonymous_2)
FNDA:0,(anonymous_3)
FNDA:0,(anonymous_4)
FNDA:0,(anonymous_5)
DA:6,0
DA:7,0
DA:8,0
DA:10,0
DA:12,0
DA:13,0
DA:15,0
DA:18,0
DA:19,0
DA:20,0
DA:22,0
DA:25,0
DA:27,0
DA:33,0
DA:34,0
DA:36,0
DA:37,0
DA:39,0
DA:43,0
DA:68,0
DA:80,0
LF:21
LH:0
BRDA:10,0,0,0
BRDA:10,0,1,0
BRDA:22,1,0,0
BRDA:22,1,1,0
BRDA:28,2,0,0
BRDA:28,2,1,0
BRF:6
BRH:0
end_of_record
TN:
SF:src\app\components\FloatingKaraokePlayer.tsx
FN:8,FloatingKaraokePlayer
FN:27,(anonymous_1)
FN:39,(anonymous_2)
FN:46,(anonymous_3)
FN:55,(anonymous_4)
FN:60,(anonymous_5)
FN:73,(anonymous_6)
FN:103,(anonymous_7)
FN:111,(anonymous_8)
FN:118,(anonymous_9)
FN:126,(anonymous_10)
FN:127,(anonymous_11)
FN:140,(anonymous_12)
FN:141,(anonymous_13)
FN:147,(anonymous_14)
FN:156,(anonymous_15)
FN:201,(anonymous_16)
FN:249,(anonymous_17)
FN:402,(anonymous_18)
FN:441,(anonymous_19)
FN:445,(anonymous_20)
FN:495,(anonymous_21)
FN:496,(anonymous_22)
FN:506,(anonymous_23)
FNF:24
FNH:0
FNDA:0,FloatingKaraokePlayer
FNDA:0,(anonymous_1)
FNDA:0,(anonymous_2)
FNDA:0,(anonymous_3)
FNDA:0,(anonymous_4)
FNDA:0,(anonymous_5)
FNDA:0,(anonymous_6)
FNDA:0,(anonymous_7)
FNDA:0,(anonymous_8)
FNDA:0,(anonymous_9)
FNDA:0,(anonymous_10)
FNDA:0,(anonymous_11)
FNDA:0,(anonymous_12)
FNDA:0,(anonymous_13)
FNDA:0,(anonymous_14)
FNDA:0,(anonymous_15)
FNDA:0,(anonymous_16)
FNDA:0,(anonymous_17)
FNDA:0,(anonymous_18)
FNDA:0,(anonymous_19)
FNDA:0,(anonymous_20)
FNDA:0,(anonymous_21)
FNDA:0,(anonymous_22)
FNDA:0,(anonymous_23)
DA:9,0
DA:10,0
DA:11,0
DA:12,0
DA:13,0
DA:14,0
DA:15,0
DA:18,0
DA:27,0
DA:28,0
DA:29,0
DA:31,0
DA:32,0
DA:33,0
DA:34,0
DA:39,0
DA:40,0
DA:46,0
DA:47,0
DA:48,0
DA:50,0
DA:52,0
DA:55,0
DA:56,0
DA:57,0
DA:60,0
DA:61,0
DA:62,0
DA:63,0
DA:67,0
DA:68,0
DA:69,0
DA:70,0
DA:73,0
DA:74,0
DA:77,0
DA:78,0
DA:79,0
DA:81,0
DA:82,0
DA:83,0
DA:85,0
DA:86,0
DA:88,0
DA:90,0
DA:91,0
DA:92,0
DA:93,0
DA:97,0
DA:98,0
DA:103,0
DA:104,0
DA:105,0
DA:111,0
DA:112,0
DA:113,0
DA:114,0
DA:118,0
DA:119,0
DA:120,0
DA:121,0
DA:126,0
DA:127,0
DA:128,0
DA:130,0
DA:131,0
DA:134,0
DA:135,0
DA:137,0
DA:140,0
DA:141,0
DA:142,0
DA:143,0
DA:147,0
DA:148,0
DA:151,0
DA:152,0
DA:153,0
DA:154,0
DA:156,0
DA:157,0
DA:158,0
DA:159,0
DA:160,0
DA:164,0
DA:201,0
DA:249,0
DA:402,0
DA:442,0
DA:445,0
DA:495,0
DA:496,0
DA:506,0
LF:93
LH:0
BRDA:31,0,0,0
BRDA:31,0,1,0
BRDA:31,1,0,0
BRDA:31,1,1,0
BRDA:32,2,0,0
BRDA:32,2,1,0
BRDA:39,3,0,0
BRDA:47,4,0,0
BRDA:47,4,1,0
BRDA:74,5,0,0
BRDA:74,5,1,0
BRDA:79,6,0,0
BRDA:79,6,1,0
BRDA:81,7,0,0
BRDA:81,7,1,0
BRDA:81,8,0,0
BRDA:81,8,1,0
BRDA:85,9,0,0
BRDA:85,9,1,0
BRDA:88,10,0,0
BRDA:88,10,1,0
BRDA:92,11,0,0
BRDA:92,11,1,0
BRDA:112,12,0,0
BRDA:112,12,1,0
BRDA:119,13,0,0
BRDA:119,13,1,0
BRDA:128,14,0,0
BRDA:128,14,1,0
BRDA:134,15,0,0
BRDA:134,15,1,0
BRDA:135,16,0,0
BRDA:135,16,1,0
BRDA:142,17,0,0
BRDA:142,17,1,0
BRDA:170,18,0,0
BRDA:170,18,1,0
BRDA:185,19,0,0
BRDA:185,19,1,0
BRDA:196,20,0,0
BRDA:196,20,1,0
BRDA:222,21,0,0
BRDA:222,21,1,0
BRDA:272,22,0,0
BRDA:272,22,1,0
BRDA:278,23,0,0
BRDA:278,23,1,0
BRDA:321,24,0,0
BRDA:321,24,1,0
BRDA:355,25,0,0
BRDA:355,25,1,0
BRDA:365,26,0,0
BRDA:365,26,1,0
BRDA:406,27,0,0
BRDA:406,27,1,0
BRDA:407,28,0,0
BRDA:407,28,1,0
BRDA:411,29,0,0
BRDA:411,29,1,0
BRDA:421,30,0,0
BRDA:421,30,1,0
BRDA:448,31,0,0
BRDA:448,31,1,0
BRDA:449,32,0,0
BRDA:449,32,1,0
BRDA:454,33,0,0
BRDA:454,33,1,0
BRDA:496,34,0,0
BRDA:496,34,1,0
BRDA:522,35,0,0
BRDA:522,35,1,0
BRF:71
BRH:0
end_of_record
TN:
SF:src\app\components\LCDPanel.tsx
FN:9,(anonymous_0)
FN:10,(anonymous_1)
FN:21,LCDPanel
FN:29,(anonymous_3)
FN:30,(anonymous_4)
FN:31,(anonymous_5)
FN:32,(anonymous_6)
FN:33,(anonymous_7)
FN:34,(anonymous_8)
FN:35,(anonymous_9)
FN:53,(anonymous_10)
FN:80,(anonymous_11)
FN:82,(anonymous_12)
FN:85,(anonymous_13)
FN:89,(anonymous_14)
FN:98,(anonymous_15)
FN:111,(anonymous_16)
FN:268,(anonymous_17)
FN:341,(anonymous_18)
FNF:19
FNH:0
FNDA:0,(anonymous_0)
FNDA:0,(anonymous_1)
FNDA:0,LCDPanel
FNDA:0,(anonymous_3)
FNDA:0,(anonymous_4)
FNDA:0,(anonymous_5)
FNDA:0,(anonymous_6)
FNDA:0,(anonymous_7)
FNDA:0,(anonymous_8)
FNDA:0,(anonymous_9)
FNDA:0,(anonymous_10)
FNDA:0,(anonymous_11)
FNDA:0,(anonymous_12)
FNDA:0,(anonymous_13)
FNDA:0,(anonymous_14)
FNDA:0,(anonymous_15)
FNDA:0,(anonymous_16)
FNDA:0,(anonymous_17)
FNDA:0,(anonymous_18)
DA:9,0
DA:10,0
DA:28,0
DA:29,0
DA:30,0
DA:31,0
DA:32,0
DA:33,0
DA:34,0
DA:35,0
DA:37,0
DA:38,0
DA:40,0
DA:47,0
DA:50,0
DA:51,0
DA:53,0
DA:54,0
DA:55,0
DA:56,0
DA:57,0
DA:60,0
DA:61,0
DA:62,0
DA:63,0
DA:66,0
DA:67,0
DA:68,0
DA:69,0
DA:70,0
DA:71,0
DA:72,0
DA:73,0
DA:74,0
DA:76,0
DA:77,0
DA:80,0
DA:81,0
DA:82,0
DA:83,0
DA:85,0
DA:89,0
DA:90,0
DA:91,0
DA:92,0
DA:96,0
DA:98,0
DA:99,0
DA:100,0
DA:101,0
DA:102,0
DA:103,0
DA:104,0
DA:105,0
DA:107,0
DA:111,0
DA:114,0
DA:269,0
DA:271,0
DA:273,0
DA:274,0
DA:275,0
DA:277,0
DA:278,0
DA:280,0
DA:281,0
DA:286,0
DA:342,0
DA:343,0
DA:344,0
LF:70
LH:0
BRDA:23,0,0,0
BRDA:24,1,0,0
BRDA:25,2,0,0
BRDA:37,3,0,0
BRDA:37,3,1,0
BRDA:37,3,2,0
BRDA:38,4,0,0
BRDA:38,4,1,0
BRDA:40,5,0,0
BRDA:40,5,1,0
BRDA:42,6,0,0
BRDA:42,6,1,0
BRDA:55,7,0,0
BRDA:55,7,1,0
BRDA:60,8,0,0
BRDA:60,8,1,0
BRDA:67,9,0,0
BRDA:67,9,1,0
BRDA:69,10,0,0
BRDA:69,10,1,0
BRDA:71,11,0,0
BRDA:71,11,1,0
BRDA:73,12,0,0
BRDA:73,12,1,0
BRDA:81,13,0,0
BRDA:81,13,1,0
BRDA:90,14,0,0
BRDA:90,14,1,0
BRDA:100,15,0,0
BRDA:100,15,1,0
BRDA:102,16,0,0
BRDA:102,16,1,0
BRDA:104,17,0,0
BRDA:104,17,1,0
BRDA:164,18,0,0
BRDA:164,18,1,0
BRDA:164,18,2,0
BRDA:164,18,3,0
BRDA:172,19,0,0
BRDA:172,19,1,0
BRDA:198,20,0,0
BRDA:198,20,1,0
BRDA:230,21,0,0
BRDA:230,21,1,0
BRDA:230,21,2,0
BRDA:247,22,0,0
BRDA:247,22,1,0
BRDA:254,23,0,0
BRDA:254,23,1,0
BRDA:262,24,0,0
BRDA:262,24,1,0
BRDA:273,25,0,0
BRDA:273,25,1,0
BRDA:274,26,0,0
BRDA:274,26,1,0
BRDA:277,27,0,0
BRDA:277,27,1,0
BRDA:280,28,0,0
BRDA:280,28,1,0
BRDA:296,29,0,0
BRDA:296,29,1,0
BRDA:343,30,0,0
BRDA:343,30,1,0
BRDA:343,31,0,0
BRDA:343,31,1,0
BRDA:347,32,0,0
BRDA:347,32,1,0
BRDA:347,33,0,0
BRDA:347,33,1,0
BRDA:366,34,0,0
BRDA:366,34,1,0
BRF:71
BRH:0
end_of_record
TN:
SF:src\app\components\LoginGate.tsx
FN:9,LoginGate
FN:12,(anonymous_1)
FN:113,(anonymous_2)
FN:147,(anonymous_3)
FNF:4
FNH:0
FNDA:0,LoginGate
FNDA:0,(anonymous_1)
FNDA:0,(anonymous_2)
FNDA:0,(anonymous_3)
DA:10,0
DA:12,0
DA:13,0
DA:14,0
DA:15,0
DA:17,0
DA:21,0
DA:113,0
DA:147,0
LF:9
LH:0
BRDA:117,0,0,0
BRDA:117,0,1,0
BRDA:151,1,0,0
BRDA:151,1,1,0
BRF:4
BRH:0
end_of_record
TN:
SF:src\app\components\NextVWTPremiumLogo.tsx
FN:3,NextVWTPremiumLogo
FNF:1
FNH:0
FNDA:0,NextVWTPremiumLogo
DA:4,0
LF:1
LH:0
BRF:0
BRH:0
end_of_record
TN:
SF:src\app\components\PTTButton.tsx
FN:13,PTTButton
FN:29,(anonymous_1)
FN:30,(anonymous_2)
FN:31,(anonymous_3)
FNF:4
FNH:0
FNDA:0,PTTButton
FNDA:0,(anonymous_1)
FNDA:0,(anonymous_2)
FNDA:0,(anonymous_3)
DA:22,0
DA:29,0
DA:30,0
DA:31,0
DA:34,0
DA:35,0
DA:37,0
LF:7
LH:0
BRDA:16,0,0,0
BRDA:17,1,0,0
BRDA:18,2,0,0
BRDA:19,3,0,0
BRDA:45,4,0,0
BRDA:45,4,1,0
BRDA:65,5,0,0
BRDA:65,5,1,0
BRDA:65,6,0,0
BRDA:65,6,1,0
BRDA:67,7,0,0
BRDA:67,7,1,0
BRDA:67,8,0,0
BRDA:67,8,1,0
BRDA:69,9,0,0
BRDA:69,9,1,0
BRDA:72,10,0,0
BRDA:72,10,1,0
BRDA:74,11,0,0
BRDA:74,11,1,0
BRDA:74,12,0,0
BRDA:74,12,1,0
BRDA:76,13,0,0
BRDA:76,13,1,0
BRDA:76,14,0,0
BRDA:76,14,1,0
BRDA:78,15,0,0
BRDA:78,15,1,0
BRDA:81,16,0,0
BRDA:81,16,1,0
BRDA:83,17,0,0
BRDA:83,17,1,0
BRDA:83,18,0,0
BRDA:83,18,1,0
BRDA:85,19,0,0
BRDA:85,19,1,0
BRDA:85,20,0,0
BRDA:85,20,1,0
BRDA:87,21,0,0
BRDA:87,21,1,0
BRDA:101,22,0,0
BRDA:101,22,1,0
BRDA:101,23,0,0
BRDA:101,23,1,0
BRDA:106,24,0,0
BRDA:106,24,1,0
BRDA:106,25,0,0
BRDA:106,25,1,0
BRDA:115,26,0,0
BRDA:115,26,1,0
BRDA:115,27,0,0
BRDA:115,27,1,0
BRDA:115,28,0,0
BRDA:115,28,1,0
BRF:54
BRH:0
end_of_record
TN:
SF:src\app\components\ProgressBar.tsx
FN:5,ProgressBar
FNF:1
FNH:0
FNDA:0,ProgressBar
DA:7,0
DA:8,0
DA:9,0
DA:10,0
DA:11,0
DA:14,0
LF:6
LH:0
BRDA:8,0,0,0
BRDA:8,0,1,0
BRDA:10,1,0,0
BRDA:10,1,1,0
BRDA:48,2,0,0
BRDA:48,2,1,0
BRF:6
BRH:0
end_of_record
TN:
SF:src\app\components\QuickActionDock.tsx
FN:13,QuickActionDock
FN:75,(anonymous_1)
FN:76,handleClickOutside
FN:82,(anonymous_3)
FN:85,(anonymous_4)
FN:98,(anonymous_5)
FN:121,(anonymous_6)
FN:150,(anonymous_7)
FN:165,(anonymous_8)
FN:180,(anonymous_9)
FN:202,(anonymous_10)
FN:203,(anonymous_11)
FN:223,(anonymous_12)
FN:226,(anonymous_13)
FN:230,(anonymous_14)
FN:277,(anonymous_15)
FN:333,(anonymous_16)
FN:342,(anonymous_17)
FN:354,(anonymous_18)
FNF:19
FNH:0
FNDA:0,QuickActionDock
FNDA:0,(anonymous_1)
FNDA:0,handleClickOutside
FNDA:0,(anonymous_3)
FNDA:0,(anonymous_4)
FNDA:0,(anonymous_5)
FNDA:0,(anonymous_6)
FNDA:0,(anonymous_7)
FNDA:0,(anonymous_8)
FNDA:0,(anonymous_9)
FNDA:0,(anonymous_10)
FNDA:0,(anonymous_11)
FNDA:0,(anonymous_12)
FNDA:0,(anonymous_13)
FNDA:0,(anonymous_14)
FNDA:0,(anonymous_15)
FNDA:0,(anonymous_16)
FNDA:0,(anonymous_17)
FNDA:0,(anonymous_18)
DA:21,0
DA:22,0
DA:23,0
DA:26,0
DA:40,0
DA:42,0
DA:59,0
DA:68,0
DA:75,0
DA:77,0
DA:78,0
DA:81,0
DA:82,0
DA:85,0
DA:86,0
DA:87,0
DA:88,0
DA:91,0
DA:98,0
DA:121,0
DA:123,0
DA:125,0
DA:150,0
DA:165,0
DA:180,0
DA:203,0
DA:204,0
DA:206,0
DA:208,0
DA:210,0
DA:212,0
DA:214,0
DA:216,0
DA:219,0
DA:223,0
DA:227,0
DA:231,0
DA:278,0
DA:334,0
DA:335,0
DA:336,0
DA:343,0
DA:344,0
DA:345,0
DA:346,0
DA:355,0
DA:356,0
DA:357,0
LF:48
LH:0
BRDA:18,0,0,0
BRDA:19,1,0,0
BRDA:40,2,0,0
BRDA:40,2,1,0
BRDA:77,3,0,0
BRDA:77,3,1,0
BRDA:77,4,0,0
BRDA:77,4,1,0
BRDA:86,5,0,0
BRDA:86,5,1,0
BRDA:123,6,0,0
BRDA:123,6,1,0
BRDA:128,7,0,0
BRDA:128,7,1,0
BRDA:151,8,0,0
BRDA:151,8,1,0
BRDA:153,9,0,0
BRDA:153,9,1,0
BRDA:166,10,0,0
BRDA:166,10,1,0
BRDA:168,11,0,0
BRDA:168,11,1,0
BRDA:181,12,0,0
BRDA:181,12,1,0
BRDA:183,13,0,0
BRDA:183,13,1,0
BRDA:197,14,0,0
BRDA:197,14,1,0
BRDA:199,15,0,0
BRDA:199,15,1,0
BRDA:204,16,0,0
BRDA:204,16,1,0
BRDA:204,16,2,0
BRDA:204,16,3,0
BRDA:204,16,4,0
BRDA:204,16,5,0
BRDA:246,17,0,0
BRDA:246,17,1,0
BRDA:280,18,0,0
BRDA:280,18,1,0
BRDA:300,19,0,0
BRDA:300,19,1,0
BRDA:306,20,0,0
BRDA:306,20,1,0
BRDA:309,21,0,0
BRDA:309,21,1,0
BRDA:312,22,0,0
BRDA:312,22,1,0
BRDA:315,23,0,0
BRDA:315,23,1,0
BRDA:318,24,0,0
BRDA:318,24,1,0
BRDA:330,25,0,0
BRDA:330,25,1,0
BRDA:344,26,0,0
BRDA:344,26,1,0
BRDA:356,27,0,0
BRDA:356,27,1,0
BRDA:372,28,0,0
BRDA:372,28,1,0
BRF:60
BRH:0
end_of_record
TN:
SF:src\app\components\RadioLayout.tsx
FN:21,(anonymous_0)
FN:61,(anonymous_1)
FN:64,(anonymous_2)
FN:79,(anonymous_3)
FN:88,RadioLayout
FN:111,(anonymous_5)
FN:150,(anonymous_6)
FN:163,(anonymous_7)
FN:166,(anonymous_8)
FN:180,(anonymous_9)
FN:188,(anonymous_10)
FN:191,(anonymous_11)
FN:192,(anonymous_12)
FN:199,(anonymous_13)
FN:206,(anonymous_14)
FN:211,(anonymous_15)
FN:214,(anonymous_16)
FN:223,(anonymous_17)
FN:224,(anonymous_18)
FN:236,(anonymous_19)
FN:241,(anonymous_20)
FN:251,(anonymous_21)
FN:269,(anonymous_22)
FN:279,(anonymous_23)
FN:282,(anonymous_24)
FN:293,(anonymous_25)
FN:314,(anonymous_26)
FN:345,(anonymous_27)
FN:362,(anonymous_28)
FN:365,(anonymous_29)
FN:367,(anonymous_30)
FN:381,(anonymous_31)
FN:389,(anonymous_32)
FN:392,(anonymous_33)
FN:393,(anonymous_34)
FN:401,(anonymous_35)
FN:407,(anonymous_36)
FN:415,(anonymous_37)
FN:417,(anonymous_38)
FN:420,(anonymous_39)
FN:425,(anonymous_40)
FN:441,(anonymous_41)
FN:461,(anonymous_42)
FN:467,(anonymous_43)
FN:477,(anonymous_44)
FN:492,(anonymous_45)
FN:495,(anonymous_46)
FN:503,(anonymous_47)
FN:508,checkBan
FN:538,(anonymous_49)
FN:543,(anonymous_50)
FN:546,(anonymous_51)
FN:547,(anonymous_52)
FN:559,(anonymous_53)
FN:566,(anonymous_54)
FN:567,(anonymous_55)
FN:567,(anonymous_56)
FN:573,(anonymous_57)
FN:578,(anonymous_58)
FN:580,(anonymous_59)
FN:589,(anonymous_60)
FN:596,(anonymous_61)
FN:597,(anonymous_62)
FN:597,(anonymous_63)
FN:607,(anonymous_64)
FN:608,(anonymous_65)
FN:617,(anonymous_66)
FN:636,(anonymous_67)
FN:644,(anonymous_68)
FN:649,(anonymous_69)
FN:671,(anonymous_70)
FN:692,(anonymous_71)
FN:699,(anonymous_72)
FN:708,(anonymous_73)
FN:717,(anonymous_74)
FN:721,(anonymous_75)
FN:746,(anonymous_76)
FN:804,(anonymous_77)
FN:817,(anonymous_78)
FN:821,(anonymous_79)
FN:824,(anonymous_80)
FN:828,(anonymous_81)
FN:829,(anonymous_82)
FN:836,(anonymous_83)
FN:838,(anonymous_84)
FN:850,(anonymous_85)
FN:851,(anonymous_86)
FNF:87
FNH:0
FNDA:0,(anonymous_0)
FNDA:0,(anonymous_1)
FNDA:0,(anonymous_2)
FNDA:0,(anonymous_3)
FNDA:0,RadioLayout
FNDA:0,(anonymous_5)
FNDA:0,(anonymous_6)
FNDA:0,(anonymous_7)
FNDA:0,(anonymous_8)
FNDA:0,(anonymous_9)
FNDA:0,(anonymous_10)
FNDA:0,(anonymous_11)
FNDA:0,(anonymous_12)
FNDA:0,(anonymous_13)
FNDA:0,(anonymous_14)
FNDA:0,(anonymous_15)
FNDA:0,(anonymous_16)
FNDA:0,(anonymous_17)
FNDA:0,(anonymous_18)
FNDA:0,(anonymous_19)
FNDA:0,(anonymous_20)
FNDA:0,(anonymous_21)
FNDA:0,(anonymous_22)
FNDA:0,(anonymous_23)
FNDA:0,(anonymous_24)
FNDA:0,(anonymous_25)
FNDA:0,(anonymous_26)
FNDA:0,(anonymous_27)
FNDA:0,(anonymous_28)
FNDA:0,(anonymous_29)
FNDA:0,(anonymous_30)
FNDA:0,(anonymous_31)
FNDA:0,(anonymous_32)
FNDA:0,(anonymous_33)
FNDA:0,(anonymous_34)
FNDA:0,(anonymous_35)
FNDA:0,(anonymous_36)
FNDA:0,(anonymous_37)
FNDA:0,(anonymous_38)
FNDA:0,(anonymous_39)
FNDA:0,(anonymous_40)
FNDA:0,(anonymous_41)
FNDA:0,(anonymous_42)
FNDA:0,(anonymous_43)
FNDA:0,(anonymous_44)
FNDA:0,(anonymous_45)
FNDA:0,(anonymous_46)
FNDA:0,(anonymous_47)
FNDA:0,checkBan
FNDA:0,(anonymous_49)
FNDA:0,(anonymous_50)
FNDA:0,(anonymous_51)
FNDA:0,(anonymous_52)
FNDA:0,(anonymous_53)
FNDA:0,(anonymous_54)
FNDA:0,(anonymous_55)
FNDA:0,(anonymous_56)
FNDA:0,(anonymous_57)
FNDA:0,(anonymous_58)
FNDA:0,(anonymous_59)
FNDA:0,(anonymous_60)
FNDA:0,(anonymous_61)
FNDA:0,(anonymous_62)
FNDA:0,(anonymous_63)
FNDA:0,(anonymous_64)
FNDA:0,(anonymous_65)
FNDA:0,(anonymous_66)
FNDA:0,(anonymous_67)
FNDA:0,(anonymous_68)
FNDA:0,(anonymous_69)
FNDA:0,(anonymous_70)
FNDA:0,(anonymous_71)
FNDA:0,(anonymous_72)
FNDA:0,(anonymous_73)
FNDA:0,(anonymous_74)
FNDA:0,(anonymous_75)
FNDA:0,(anonymous_76)
FNDA:0,(anonymous_77)
FNDA:0,(anonymous_78)
FNDA:0,(anonymous_79)
FNDA:0,(anonymous_80)
FNDA:0,(anonymous_81)
FNDA:0,(anonymous_82)
FNDA:0,(anonymous_83)
FNDA:0,(anonymous_84)
FNDA:0,(anonymous_85)
FNDA:0,(anonymous_86)
DA:21,0
DA:22,0
DA:23,0
DA:24,0
DA:26,0
DA:27,0
DA:29,0
DA:30,0
DA:32,0
DA:33,0
DA:34,0
DA:35,0
DA:36,0
DA:38,0
DA:39,0
DA:40,0
DA:42,0
DA:43,0
DA:45,0
DA:46,0
DA:47,0
DA:49,0
DA:50,0
DA:51,0
DA:53,0
DA:54,0
DA:57,0
DA:61,0
DA:64,0
DA:65,0
DA:66,0
DA:68,0
DA:69,0
DA:70,0
DA:72,0
DA:77,0
DA:80,0
DA:81,0
DA:109,0
DA:111,0
DA:113,0
DA:114,0
DA:115,0
DA:116,0
DA:117,0
DA:118,0
DA:119,0
DA:120,0
DA:121,0
DA:122,0
DA:125,0
DA:126,0
DA:127,0
DA:129,0
DA:131,0
DA:132,0
DA:133,0
DA:136,0
DA:141,0
DA:144,0
DA:147,0
DA:148,0
DA:150,0
DA:151,0
DA:152,0
DA:154,0
DA:155,0
DA:158,0
DA:159,0
DA:163,0
DA:164,0
DA:166,0
DA:167,0
DA:168,0
DA:169,0
DA:170,0
DA:171,0
DA:172,0
DA:173,0
DA:174,0
DA:175,0
DA:176,0
DA:180,0
DA:181,0
DA:182,0
DA:184,0
DA:188,0
DA:190,0
DA:191,0
DA:192,0
DA:194,0
DA:195,0
DA:196,0
DA:197,0
DA:199,0
DA:202,0
DA:203,0
DA:206,0
DA:207,0
DA:211,0
DA:212,0
DA:214,0
DA:216,0
DA:217,0
DA:218,0
DA:219,0
DA:222,0
DA:223,0
DA:224,0
DA:226,0
DA:227,0
DA:228,0
DA:229,0
DA:232,0
DA:236,0
DA:237,0
DA:241,0
DA:242,0
DA:243,0
DA:244,0
DA:248,0
DA:250,0
DA:251,0
DA:252,0
DA:254,0
DA:259,0
DA:261,0
DA:263,0
DA:265,0
DA:266,0
DA:269,0
DA:270,0
DA:271,0
DA:274,0
DA:279,0
DA:280,0
DA:281,0
DA:282,0
DA:283,0
DA:284,0
DA:285,0
DA:286,0
DA:287,0
DA:288,0
DA:291,0
DA:294,0
DA:295,0
DA:296,0
DA:297,0
DA:298,0
DA:299,0
DA:301,0
DA:305,0
DA:307,0
DA:309,0
DA:312,0
DA:313,0
DA:314,0
DA:315,0
DA:316,0
DA:317,0
DA:318,0
DA:321,0
DA:322,0
DA:325,0
DA:332,0
DA:333,0
DA:334,0
DA:335,0
DA:336,0
DA:339,0
DA:340,0
DA:342,0
DA:345,0
DA:346,0
DA:359,0
DA:362,0
DA:363,0
DA:365,0
DA:366,0
DA:367,0
DA:368,0
DA:369,0
DA:370,0
DA:375,0
DA:377,0
DA:378,0
DA:381,0
DA:382,0
DA:383,0
DA:385,0
DA:389,0
DA:392,0
DA:393,0
DA:394,0
DA:395,0
DA:396,0
DA:397,0
DA:401,0
DA:402,0
DA:407,0
DA:408,0
DA:409,0
DA:410,0
DA:415,0
DA:416,0
DA:417,0
DA:418,0
DA:420,0
DA:425,0
DA:426,0
DA:427,0
DA:428,0
DA:429,0
DA:430,0
DA:431,0
DA:432,0
DA:433,0
DA:434,0
DA:435,0
DA:436,0
DA:441,0
DA:442,0
DA:449,0
DA:450,0
DA:461,0
DA:462,0
DA:464,0
DA:465,0
DA:467,0
DA:468,0
DA:469,0
DA:470,0
DA:472,0
DA:473,0
DA:478,0
DA:479,0
DA:480,0
DA:481,0
DA:482,0
DA:488,0
DA:492,0
DA:493,0
DA:494,0
DA:495,0
DA:496,0
DA:503,0
DA:504,0
DA:506,0
DA:509,0
DA:510,0
DA:511,0
DA:513,0
DA:520,0
DA:521,0
DA:522,0
DA:525,0
DA:527,0
DA:528,0
DA:529,0
DA:532,0
DA:536,0
DA:538,0
DA:539,0
DA:543,0
DA:546,0
DA:547,0
DA:548,0
DA:550,0
DA:552,0
DA:554,0
DA:556,0
DA:557,0
DA:558,0
DA:559,0
DA:563,0
DA:564,0
DA:565,0
DA:567,0
DA:573,0
DA:574,0
DA:578,0
DA:580,0
DA:581,0
DA:584,0
DA:587,0
DA:588,0
DA:589,0
DA:593,0
DA:594,0
DA:595,0
DA:597,0
DA:603,0
DA:607,0
DA:608,0
DA:609,0
DA:610,0
DA:611,0
DA:612,0
DA:613,0
DA:617,0
DA:618,0
DA:619,0
DA:620,0
DA:621,0
DA:629,0
DA:630,0
DA:632,0
DA:633,0
DA:636,0
DA:637,0
DA:638,0
DA:643,0
DA:644,0
DA:645,0
DA:646,0
DA:648,0
DA:649,0
DA:650,0
DA:652,0
DA:659,0
DA:661,0
DA:670,0
DA:671,0
DA:672,0
DA:674,0
DA:678,0
DA:679,0
DA:681,0
DA:682,0
DA:683,0
DA:686,0
DA:687,0
DA:688,0
DA:689,0
DA:690,0
DA:692,0
DA:693,0
DA:694,0
DA:695,0
DA:696,0
DA:699,0
DA:700,0
DA:701,0
DA:702,0
DA:703,0
DA:706,0
DA:708,0
DA:709,0
DA:710,0
DA:711,0
DA:712,0
DA:717,0
DA:721,0
DA:722,0
DA:723,0
DA:727,0
DA:728,0
DA:729,0
DA:730,0
DA:731,0
DA:736,0
DA:744,0
DA:747,0
DA:748,0
DA:805,0
DA:806,0
DA:813,0
DA:815,0
DA:817,0
DA:821,0
DA:824,0
DA:828,0
DA:829,0
DA:836,0
DA:838,0
DA:850,0
DA:851,0
LF:378
LH:0
BRDA:24,0,0,0
BRDA:24,0,1,0
BRDA:33,1,0,0
BRDA:33,1,1,0
BRDA:69,2,0,0
BRDA:69,2,1,0
BRDA:139,3,0,0
BRDA:139,3,1,0
BRDA:144,4,0,0
BRDA:144,4,1,0
BRDA:144,4,2,0
BRDA:147,5,0,0
BRDA:147,5,1,0
BRDA:148,6,0,0
BRDA:148,6,1,0
BRDA:151,7,0,0
BRDA:151,7,1,0
BRDA:152,8,0,0
BRDA:152,8,1,0
BRDA:154,9,0,0
BRDA:154,9,1,0
BRDA:154,9,2,0
BRDA:155,10,0,0
BRDA:155,10,1,0
BRDA:158,11,0,0
BRDA:158,11,1,0
BRDA:161,12,0,0
BRDA:161,12,1,0
BRDA:167,13,0,0
BRDA:167,13,1,0
BRDA:168,14,0,0
BRDA:168,14,1,0
BRDA:168,15,0,0
BRDA:168,15,1,0
BRDA:169,16,0,0
BRDA:169,16,1,0
BRDA:169,17,0,0
BRDA:169,17,1,0
BRDA:170,18,0,0
BRDA:170,18,1,0
BRDA:170,19,0,0
BRDA:170,19,1,0
BRDA:171,20,0,0
BRDA:171,20,1,0
BRDA:171,21,0,0
BRDA:171,21,1,0
BRDA:172,22,0,0
BRDA:172,22,1,0
BRDA:172,23,0,0
BRDA:172,23,1,0
BRDA:173,24,0,0
BRDA:173,24,1,0
BRDA:173,25,0,0
BRDA:173,25,1,0
BRDA:174,26,0,0
BRDA:174,26,1,0
BRDA:174,27,0,0
BRDA:174,27,1,0
BRDA:175,28,0,0
BRDA:175,28,1,0
BRDA:175,29,0,0
BRDA:175,29,1,0
BRDA:175,29,2,0
BRDA:181,30,0,0
BRDA:181,30,1,0
BRDA:182,31,0,0
BRDA:182,31,1,0
BRDA:190,32,0,0
BRDA:190,32,1,0
BRDA:190,33,0,0
BRDA:190,33,1,0
BRDA:192,34,0,0
BRDA:192,34,1,0
BRDA:194,35,0,0
BRDA:194,35,1,0
BRDA:212,36,0,0
BRDA:212,36,1,0
BRDA:214,37,0,0
BRDA:214,37,1,0
BRDA:216,38,0,0
BRDA:216,38,1,0
BRDA:226,39,0,0
BRDA:226,39,1,0
BRDA:228,40,0,0
BRDA:228,40,1,0
BRDA:242,41,0,0
BRDA:242,41,1,0
BRDA:248,42,0,0
BRDA:248,42,1,0
BRDA:250,43,0,0
BRDA:250,43,1,0
BRDA:250,44,0,0
BRDA:250,44,1,0
BRDA:280,45,0,0
BRDA:280,45,1,0
BRDA:280,46,0,0
BRDA:280,46,1,0
BRDA:285,47,0,0
BRDA:285,47,1,0
BRDA:287,48,0,0
BRDA:287,48,1,0
BRDA:295,49,0,0
BRDA:295,49,1,0
BRDA:296,50,0,0
BRDA:296,50,1,0
BRDA:296,51,0,0
BRDA:296,51,1,0
BRDA:298,52,0,0
BRDA:298,52,1,0
BRDA:298,53,0,0
BRDA:298,53,1,0
BRDA:302,54,0,0
BRDA:302,54,1,0
BRDA:313,55,0,0
BRDA:313,55,1,0
BRDA:315,56,0,0
BRDA:315,56,1,0
BRDA:332,57,0,0
BRDA:332,57,1,0
BRDA:339,58,0,0
BRDA:339,58,1,0
BRDA:339,59,0,0
BRDA:339,59,1,0
BRDA:366,60,0,0
BRDA:366,60,1,0
BRDA:369,61,0,0
BRDA:369,61,1,0
BRDA:369,62,0,0
BRDA:369,62,1,0
BRDA:377,63,0,0
BRDA:377,63,1,0
BRDA:377,64,0,0
BRDA:377,64,1,0
BRDA:382,65,0,0
BRDA:382,65,1,0
BRDA:394,66,0,0
BRDA:394,66,1,0
BRDA:394,67,0,0
BRDA:394,67,1,0
BRDA:394,67,2,0
BRDA:396,68,0,0
BRDA:396,68,1,0
BRDA:408,69,0,0
BRDA:408,69,1,0
BRDA:416,70,0,0
BRDA:416,70,1,0
BRDA:426,71,0,0
BRDA:426,71,1,0
BRDA:442,72,0,0
BRDA:442,72,1,0
BRDA:443,73,0,0
BRDA:443,73,1,0
BRDA:443,73,2,0
BRDA:443,73,3,0
BRDA:443,73,4,0
BRDA:451,74,0,0
BRDA:451,74,1,0
BRDA:453,75,0,0
BRDA:453,75,1,0
BRDA:462,76,0,0
BRDA:462,76,1,0
BRDA:462,77,0,0
BRDA:462,77,1,0
BRDA:462,77,2,0
BRDA:470,78,0,0
BRDA:470,78,1,0
BRDA:478,79,0,0
BRDA:478,79,1,0
BRDA:479,80,0,0
BRDA:479,80,1,0
BRDA:494,81,0,0
BRDA:494,81,1,0
BRDA:496,82,0,0
BRDA:496,82,1,0
BRDA:504,83,0,0
BRDA:504,83,1,0
BRDA:504,84,0,0
BRDA:504,84,1,0
BRDA:504,84,2,0
BRDA:511,85,0,0
BRDA:511,85,1,0
BRDA:520,86,0,0
BRDA:520,86,1,0
BRDA:525,87,0,0
BRDA:525,87,1,0
BRDA:527,88,0,0
BRDA:527,88,1,0
BRDA:548,89,0,0
BRDA:548,89,1,0
BRDA:552,90,0,0
BRDA:552,90,1,0
BRDA:552,90,2,0
BRDA:554,91,0,0
BRDA:554,91,1,0
BRDA:556,92,0,0
BRDA:556,92,1,0
BRDA:558,93,0,0
BRDA:558,93,1,0
BRDA:563,94,0,0
BRDA:563,94,1,0
BRDA:564,95,0,0
BRDA:564,95,1,0
BRDA:569,96,0,0
BRDA:569,96,1,0
BRDA:569,97,0,0
BRDA:569,97,1,0
BRDA:581,98,0,0
BRDA:581,98,1,0
BRDA:584,99,0,0
BRDA:584,99,1,0
BRDA:593,100,0,0
BRDA:593,100,1,0
BRDA:594,101,0,0
BRDA:594,101,1,0
BRDA:599,102,0,0
BRDA:599,102,1,0
BRDA:599,103,0,0
BRDA:599,103,1,0
BRDA:612,104,0,0
BRDA:612,104,1,0
BRDA:632,105,0,0
BRDA:632,105,1,0
BRDA:648,106,0,0
BRDA:648,106,1,0
BRDA:648,107,0,0
BRDA:648,107,1,0
BRDA:648,107,2,0
BRDA:648,107,3,0
BRDA:686,108,0,0
BRDA:686,108,1,0
BRDA:722,109,0,0
BRDA:722,109,1,0
BRDA:727,110,0,0
BRDA:727,110,1,0
BRDA:728,111,0,0
BRDA:728,111,1,0
BRDA:729,112,0,0
BRDA:729,112,1,0
BRDA:731,113,0,0
BRDA:731,113,1,0
BRDA:736,114,0,0
BRDA:736,114,1,0
BRDA:736,114,2,0
BRDA:736,114,3,0
BRDA:736,114,4,0
BRDA:736,114,5,0
BRDA:736,114,6,0
BRDA:747,115,0,0
BRDA:747,115,1,0
BRDA:747,116,0,0
BRDA:747,116,1,0
BRDA:756,117,0,0
BRDA:756,117,1,0
BRDA:805,118,0,0
BRDA:805,118,1,0
BRDA:807,119,0,0
BRDA:807,119,1,0
BRDA:809,120,0,0
BRDA:809,120,1,0
BRDA:835,121,0,0
BRDA:835,121,1,0
BRDA:835,122,0,0
BRDA:835,122,1,0
BRDA:835,122,2,0
BRDA:848,123,0,0
BRDA:848,123,1,0
BRDA:848,123,2,0
BRF:267
BRH:0
end_of_record
TN:
SF:src\app\components\SettingsPanel.tsx
FN:18,SettingsPanel
FN:64,(anonymous_1)
FN:100,(anonymous_2)
FN:101,(anonymous_3)
FN:102,(anonymous_4)
FN:103,(anonymous_5)
FN:104,(anonymous_6)
FN:105,(anonymous_7)
FN:106,(anonymous_8)
FN:107,(anonymous_9)
FN:108,(anonymous_10)
FN:109,(anonymous_11)
FN:110,(anonymous_12)
FN:111,(anonymous_13)
FN:112,(anonymous_14)
FN:113,(anonymous_15)
FN:114,(anonymous_16)
FN:115,(anonymous_17)
FN:116,(anonymous_18)
FN:117,(anonymous_19)
FN:118,(anonymous_20)
FN:119,(anonymous_21)
FN:120,(anonymous_22)
FN:121,(anonymous_23)
FN:124,(anonymous_24)
FN:139,(anonymous_25)
FN:149,(anonymous_26)
FN:151,(anonymous_27)
FN:186,(anonymous_28)
FN:192,(anonymous_29)
FN:290,(anonymous_30)
FN:315,(anonymous_31)
FN:322,(anonymous_32)
FN:360,(anonymous_33)
FN:366,(anonymous_34)
FN:403,(anonymous_35)
FN:416,(anonymous_36)
FN:430,(anonymous_37)
FN:471,(anonymous_38)
FN:494,(anonymous_39)
FN:511,(anonymous_40)
FN:536,(anonymous_41)
FN:553,(anonymous_42)
FN:570,(anonymous_43)
FN:587,(anonymous_44)
FN:609,(anonymous_45)
FN:627,(anonymous_46)
FN:640,(anonymous_47)
FN:664,(anonymous_48)
FN:686,(anonymous_49)
FN:703,(anonymous_50)
FN:742,(anonymous_51)
FN:772,(anonymous_52)
FN:805,(anonymous_53)
FN:826,(anonymous_54)
FN:848,(anonymous_55)
FN:868,(anonymous_56)
FN:891,(anonymous_57)
FN:908,(anonymous_58)
FN:925,(anonymous_59)
FN:942,(anonymous_60)
FN:970,(anonymous_61)
FN:979,(anonymous_62)
FN:1024,(anonymous_63)
FN:1055,(anonymous_64)
FN:1084,(anonymous_65)
FN:1088,(anonymous_66)
FN:1105,(anonymous_67)
FN:1113,(anonymous_68)
FN:1335,(anonymous_69)
FN:1340,(anonymous_70)
FN:1360,(anonymous_71)
FN:1364,(anonymous_72)
FN:1382,(anonymous_73)
FN:1387,(anonymous_74)
FN:1411,(anonymous_75)
FN:1415,(anonymous_76)
FN:1431,(anonymous_77)
FN:1436,(anonymous_78)
FN:1506,(anonymous_79)
FN:1512,(anonymous_80)
FNF:81
FNH:0
FNDA:0,SettingsPanel
FNDA:0,(anonymous_1)
FNDA:0,(anonymous_2)
FNDA:0,(anonymous_3)
FNDA:0,(anonymous_4)
FNDA:0,(anonymous_5)
FNDA:0,(anonymous_6)
FNDA:0,(anonymous_7)
FNDA:0,(anonymous_8)
FNDA:0,(anonymous_9)
FNDA:0,(anonymous_10)
FNDA:0,(anonymous_11)
FNDA:0,(anonymous_12)
FNDA:0,(anonymous_13)
FNDA:0,(anonymous_14)
FNDA:0,(anonymous_15)
FNDA:0,(anonymous_16)
FNDA:0,(anonymous_17)
FNDA:0,(anonymous_18)
FNDA:0,(anonymous_19)
FNDA:0,(anonymous_20)
FNDA:0,(anonymous_21)
FNDA:0,(anonymous_22)
FNDA:0,(anonymous_23)
FNDA:0,(anonymous_24)
FNDA:0,(anonymous_25)
FNDA:0,(anonymous_26)
FNDA:0,(anonymous_27)
FNDA:0,(anonymous_28)
FNDA:0,(anonymous_29)
FNDA:0,(anonymous_30)
FNDA:0,(anonymous_31)
FNDA:0,(anonymous_32)
FNDA:0,(anonymous_33)
FNDA:0,(anonymous_34)
FNDA:0,(anonymous_35)
FNDA:0,(anonymous_36)
FNDA:0,(anonymous_37)
FNDA:0,(anonymous_38)
FNDA:0,(anonymous_39)
FNDA:0,(anonymous_40)
FNDA:0,(anonymous_41)
FNDA:0,(anonymous_42)
FNDA:0,(anonymous_43)
FNDA:0,(anonymous_44)
FNDA:0,(anonymous_45)
FNDA:0,(anonymous_46)
FNDA:0,(anonymous_47)
FNDA:0,(anonymous_48)
FNDA:0,(anonymous_49)
FNDA:0,(anonymous_50)
FNDA:0,(anonymous_51)
FNDA:0,(anonymous_52)
FNDA:0,(anonymous_53)
FNDA:0,(anonymous_54)
FNDA:0,(anonymous_55)
FNDA:0,(anonymous_56)
FNDA:0,(anonymous_57)
FNDA:0,(anonymous_58)
FNDA:0,(anonymous_59)
FNDA:0,(anonymous_60)
FNDA:0,(anonymous_61)
FNDA:0,(anonymous_62)
FNDA:0,(anonymous_63)
FNDA:0,(anonymous_64)
FNDA:0,(anonymous_65)
FNDA:0,(anonymous_66)
FNDA:0,(anonymous_67)
FNDA:0,(anonymous_68)
FNDA:0,(anonymous_69)
FNDA:0,(anonymous_70)
FNDA:0,(anonymous_71)
FNDA:0,(anonymous_72)
FNDA:0,(anonymous_73)
FNDA:0,(anonymous_74)
FNDA:0,(anonymous_75)
FNDA:0,(anonymous_76)
FNDA:0,(anonymous_77)
FNDA:0,(anonymous_78)
FNDA:0,(anonymous_79)
FNDA:0,(anonymous_80)
DA:51,0
DA:53,0
DA:54,0
DA:55,0
DA:56,0
DA:57,0
DA:58,0
DA:59,0
DA:61,0
DA:62,0
DA:64,0
DA:65,0
DA:66,0
DA:67,0
DA:71,0
DA:100,0
DA:101,0
DA:102,0
DA:103,0
DA:104,0
DA:105,0
DA:106,0
DA:107,0
DA:108,0
DA:109,0
DA:110,0
DA:111,0
DA:112,0
DA:113,0
DA:114,0
DA:115,0
DA:116,0
DA:117,0
DA:118,0
DA:119,0
DA:120,0
DA:121,0
DA:122,0
DA:124,0
DA:125,0
DA:126,0
DA:127,0
DA:128,0
DA:129,0
DA:130,0
DA:131,0
DA:132,0
DA:133,0
DA:134,0
DA:137,0
DA:139,0
DA:140,0
DA:141,0
DA:143,0
DA:144,0
DA:145,0
DA:148,0
DA:149,0
DA:150,0
DA:151,0
DA:152,0
DA:153,0
DA:154,0
DA:155,0
DA:156,0
DA:157,0
DA:158,0
DA:159,0
DA:160,0
DA:161,0
DA:162,0
DA:164,0
DA:165,0
DA:166,0
DA:168,0
DA:169,0
DA:172,0
DA:173,0
DA:174,0
DA:178,0
DA:181,0
DA:183,0
DA:186,0
DA:187,0
DA:192,0
DA:193,0
DA:197,0
DA:291,0
DA:292,0
DA:315,0
DA:322,0
DA:360,0
DA:366,0
DA:405,0
DA:416,0
DA:431,0
DA:432,0
DA:472,0
DA:473,0
DA:494,0
DA:511,0
DA:536,0
DA:553,0
DA:570,0
DA:587,0
DA:609,0
DA:627,0
DA:640,0
DA:664,0
DA:686,0
DA:703,0
DA:743,0
DA:773,0
DA:774,0
DA:775,0
DA:776,0
DA:777,0
DA:779,0
DA:805,0
DA:826,0
DA:848,0
DA:868,0
DA:891,0
DA:908,0
DA:925,0
DA:942,0
DA:971,0
DA:972,0
DA:973,0
DA:980,0
DA:981,0
DA:982,0
DA:1024,0
DA:1055,0
DA:1085,0
DA:1089,0
DA:1090,0
DA:1105,0
DA:1113,0
DA:1335,0
DA:1340,0
DA:1361,0
DA:1365,0
DA:1366,0
DA:1367,0
DA:1382,0
DA:1388,0
DA:1389,0
DA:1412,0
DA:1416,0
DA:1417,0
DA:1431,0
DA:1436,0
DA:1507,0
DA:1508,0
DA:1513,0
DA:1514,0
LF:157
LH:0
BRDA:66,0,0,0
BRDA:66,0,1,0
BRDA:125,1,0,0
BRDA:125,1,1,0
BRDA:126,2,0,0
BRDA:126,2,1,0
BRDA:126,3,0,0
BRDA:126,3,1,0
BRDA:127,4,0,0
BRDA:127,4,1,0
BRDA:127,5,0,0
BRDA:127,5,1,0
BRDA:128,6,0,0
BRDA:128,6,1,0
BRDA:128,7,0,0
BRDA:128,7,1,0
BRDA:129,8,0,0
BRDA:129,8,1,0
BRDA:129,9,0,0
BRDA:129,9,1,0
BRDA:130,10,0,0
BRDA:130,10,1,0
BRDA:130,11,0,0
BRDA:130,11,1,0
BRDA:131,12,0,0
BRDA:131,12,1,0
BRDA:131,13,0,0
BRDA:131,13,1,0
BRDA:132,14,0,0
BRDA:132,14,1,0
BRDA:132,15,0,0
BRDA:132,15,1,0
BRDA:133,16,0,0
BRDA:133,16,1,0
BRDA:133,17,0,0
BRDA:133,17,1,0
BRDA:137,18,0,0
BRDA:137,18,1,0
BRDA:141,19,0,0
BRDA:141,19,1,0
BRDA:143,20,0,0
BRDA:143,20,1,0
BRDA:156,21,0,0
BRDA:156,21,1,0
BRDA:164,22,0,0
BRDA:164,22,1,0
BRDA:264,23,0,0
BRDA:264,23,1,0
BRDA:264,23,2,0
BRDA:279,24,0,0
BRDA:279,24,1,0
BRDA:279,24,2,0
BRDA:292,25,0,0
BRDA:292,25,1,0
BRDA:395,26,0,0
BRDA:395,26,1,0
BRDA:396,27,0,0
BRDA:396,27,1,0
BRDA:418,28,0,0
BRDA:418,28,1,0
BRDA:423,29,0,0
BRDA:423,29,1,0
BRDA:435,30,0,0
BRDA:435,30,1,0
BRDA:461,31,0,0
BRDA:461,31,1,0
BRDA:647,32,0,0
BRDA:647,32,1,0
BRDA:673,33,0,0
BRDA:673,33,1,0
BRDA:673,33,2,0
BRDA:698,34,0,0
BRDA:698,34,1,0
BRDA:715,35,0,0
BRDA:715,35,1,0
BRDA:721,36,0,0
BRDA:721,36,1,0
BRDA:774,37,0,0
BRDA:774,37,1,0
BRDA:776,38,0,0
BRDA:776,38,1,0
BRDA:1052,39,0,0
BRDA:1052,39,1,0
BRDA:1102,40,0,0
BRDA:1102,40,1,0
BRDA:1333,41,0,0
BRDA:1333,41,1,0
BRDA:1380,42,0,0
BRDA:1380,42,1,0
BRDA:1410,43,0,0
BRDA:1410,43,1,0
BRDA:1429,44,0,0
BRDA:1429,44,1,0
BRDA:1516,45,0,0
BRDA:1516,45,1,0
BRDA:1529,46,0,0
BRDA:1529,46,1,0
BRF:97
BRH:0
end_of_record
TN:
SF:src\app\components\SkeletonLoaders.tsx
FN:9,SkeletonBlock
FN:20,SettingsPanelSkeleton
FN:47,(anonymous_2)
FN:63,(anonymous_3)
FN:89,KaraokePlayerSkeleton
FN:110,(anonymous_5)
FN:120,AquariumSkeleton
FN:131,(anonymous_7)
FNF:8
FNH:0
FNDA:0,SkeletonBlock
FNDA:0,SettingsPanelSkeleton
FNDA:0,(anonymous_2)
FNDA:0,(anonymous_3)
FNDA:0,KaraokePlayerSkeleton
FNDA:0,(anonymous_5)
FNDA:0,AquariumSkeleton
FNDA:0,(anonymous_7)
DA:10,0
DA:21,0
DA:48,0
DA:64,0
DA:90,0
DA:111,0
DA:121,0
DA:132,0
LF:8
LH:0
BRDA:9,0,0,0
BRF:1
BRH:0
end_of_record
TN:
SF:src\app\components\SkeletonLoading.tsx
FN:1,SkeletonLoading
FNF:1
FNH:0
FNDA:0,SkeletonLoading
DA:2,0
LF:1
LH:0
BRF:0
BRH:0
end_of_record
TN:
SF:src\app\components\ToggleSwitch.tsx
FN:8,ToggleSwitch
FNF:1
FNH:0
FNDA:0,ToggleSwitch
DA:9,0
LF:1
LH:0
BRF:0
BRH:0
end_of_record
TN:
SF:src\app\components\UserListModal.tsx
FN:409,getDeterministicProfile
FN:456,(anonymous_1)
FN:464,AvatarImage
FN:497,(anonymous_3)
FN:508,isNewUserJoined
FN:552,getUserMode
FN:564,UserListModal
FN:570,(anonymous_7)
FN:571,(anonymous_8)
FN:572,(anonymous_9)
FN:573,(anonymous_10)
FN:574,(anonymous_11)
FN:576,(anonymous_12)
FN:578,(anonymous_13)
FN:579,(anonymous_14)
FN:588,(anonymous_15)
FN:589,(anonymous_16)
FN:590,(anonymous_17)
FN:594,(anonymous_18)
FN:595,(anonymous_19)
FN:610,(anonymous_20)
FN:656,(anonymous_21)
FN:659,(anonymous_22)
FN:663,(anonymous_23)
FN:664,(anonymous_24)
FN:668,(anonymous_25)
FN:679,(anonymous_26)
FN:682,(anonymous_27)
FN:683,(anonymous_28)
FN:692,(anonymous_29)
FN:694,(anonymous_30)
FN:699,(anonymous_31)
FN:710,(anonymous_32)
FN:711,(anonymous_33)
FN:711,(anonymous_34)
FN:715,(anonymous_35)
FN:726,(anonymous_36)
FN:727,(anonymous_37)
FN:727,(anonymous_38)
FN:732,(anonymous_39)
FN:742,(anonymous_40)
FN:765,(anonymous_41)
FN:767,(anonymous_42)
FN:789,(anonymous_43)
FN:789,(anonymous_44)
FN:790,(anonymous_45)
FN:795,(anonymous_46)
FN:800,(anonymous_47)
FN:824,(anonymous_48)
FN:825,(anonymous_49)
FN:839,(anonymous_50)
FN:853,(anonymous_51)
FN:949,(anonymous_52)
FN:975,(anonymous_53)
FN:984,(anonymous_54)
FN:1035,(anonymous_55)
FN:1080,(anonymous_56)
FN:1084,(anonymous_57)
FN:1119,(anonymous_58)
FN:1142,(anonymous_59)
FN:1159,(anonymous_60)
FN:1173,(anonymous_61)
FN:1191,(anonymous_62)
FN:1205,(anonymous_63)
FN:1224,(anonymous_64)
FN:1248,(anonymous_65)
FN:1269,(anonymous_66)
FN:1288,(anonymous_67)
FN:1310,(anonymous_68)
FN:1328,(anonymous_69)
FN:1356,(anonymous_70)
FN:1366,(anonymous_71)
FNF:72
FNH:0
FNDA:0,getDeterministicProfile
FNDA:0,(anonymous_1)
FNDA:0,AvatarImage
FNDA:0,(anonymous_3)
FNDA:0,isNewUserJoined
FNDA:0,getUserMode
FNDA:0,UserListModal
FNDA:0,(anonymous_7)
FNDA:0,(anonymous_8)
FNDA:0,(anonymous_9)
FNDA:0,(anonymous_10)
FNDA:0,(anonymous_11)
FNDA:0,(anonymous_12)
FNDA:0,(anonymous_13)
FNDA:0,(anonymous_14)
FNDA:0,(anonymous_15)
FNDA:0,(anonymous_16)
FNDA:0,(anonymous_17)
FNDA:0,(anonymous_18)
FNDA:0,(anonymous_19)
FNDA:0,(anonymous_20)
FNDA:0,(anonymous_21)
FNDA:0,(anonymous_22)
FNDA:0,(anonymous_23)
FNDA:0,(anonymous_24)
FNDA:0,(anonymous_25)
FNDA:0,(anonymous_26)
FNDA:0,(anonymous_27)
FNDA:0,(anonymous_28)
FNDA:0,(anonymous_29)
FNDA:0,(anonymous_30)
FNDA:0,(anonymous_31)
FNDA:0,(anonymous_32)
FNDA:0,(anonymous_33)
FNDA:0,(anonymous_34)
FNDA:0,(anonymous_35)
FNDA:0,(anonymous_36)
FNDA:0,(anonymous_37)
FNDA:0,(anonymous_38)
FNDA:0,(anonymous_39)
FNDA:0,(anonymous_40)
FNDA:0,(anonymous_41)
FNDA:0,(anonymous_42)
FNDA:0,(anonymous_43)
FNDA:0,(anonymous_44)
FNDA:0,(anonymous_45)
FNDA:0,(anonymous_46)
FNDA:0,(anonymous_47)
FNDA:0,(anonymous_48)
FNDA:0,(anonymous_49)
FNDA:0,(anonymous_50)
FNDA:0,(anonymous_51)
FNDA:0,(anonymous_52)
FNDA:0,(anonymous_53)
FNDA:0,(anonymous_54)
FNDA:0,(anonymous_55)
FNDA:0,(anonymous_56)
FNDA:0,(anonymous_57)
FNDA:0,(anonymous_58)
FNDA:0,(anonymous_59)
FNDA:0,(anonymous_60)
FNDA:0,(anonymous_61)
FNDA:0,(anonymous_62)
FNDA:0,(anonymous_63)
FNDA:0,(anonymous_64)
FNDA:0,(anonymous_65)
FNDA:0,(anonymous_66)
FNDA:0,(anonymous_67)
FNDA:0,(anonymous_68)
FNDA:0,(anonymous_69)
FNDA:0,(anonymous_70)
FNDA:0,(anonymous_71)
DA:55,0
DA:410,0
DA:411,0
DA:412,0
DA:414,0
DA:416,0
DA:429,0
DA:442,0
DA:443,0
DA:445,0
DA:446,0
DA:447,0
DA:448,0
DA:449,0
DA:450,0
DA:452,0
DA:453,0
DA:455,0
DA:456,0
DA:458,0
DA:459,0
DA:461,0
DA:477,0
DA:479,0
DA:480,0
DA:481,0
DA:482,0
DA:492,0
DA:497,0
DA:510,0
DA:511,0
DA:513,0
DA:514,0
DA:516,0
DA:517,0
DA:518,0
DA:519,0
DA:520,0
DA:532,0
DA:542,0
DA:553,0
DA:554,0
DA:555,0
DA:556,0
DA:558,0
DA:559,0
DA:560,0
DA:561,0
DA:570,0
DA:571,0
DA:572,0
DA:573,0
DA:574,0
DA:575,0
DA:576,0
DA:578,0
DA:579,0
DA:582,0
DA:588,0
DA:589,0
DA:590,0
DA:593,0
DA:595,0
DA:596,0
DA:597,0
DA:598,0
DA:601,0
DA:604,0
DA:605,0
DA:608,0
DA:610,0
DA:612,0
DA:629,0
DA:631,0
DA:635,0
DA:656,0
DA:659,0
DA:660,0
DA:663,0
DA:664,0
DA:665,0
DA:667,0
DA:668,0
DA:669,0
DA:673,0
DA:676,0
DA:677,0
DA:679,0
DA:680,0
DA:681,0
DA:682,0
DA:683,0
DA:685,0
DA:686,0
DA:687,0
DA:688,0
DA:691,0
DA:692,0
DA:694,0
DA:696,0
DA:697,0
DA:699,0
DA:700,0
DA:701,0
DA:702,0
DA:704,0
DA:705,0
DA:710,0
DA:711,0
DA:715,0
DA:716,0
DA:717,0
DA:718,0
DA:720,0
DA:721,0
DA:726,0
DA:727,0
DA:731,0
DA:732,0
DA:734,0
DA:737,0
DA:740,0
DA:741,0
DA:742,0
DA:744,0
DA:751,0
DA:756,0
DA:758,0
DA:765,0
DA:766,0
DA:767,0
DA:768,0
DA:769,0
DA:770,0
DA:772,0
DA:773,0
DA:774,0
DA:775,0
DA:778,0
DA:779,0
DA:789,0
DA:790,0
DA:791,0
DA:795,0
DA:799,0
DA:800,0
DA:801,0
DA:802,0
DA:803,0
DA:805,0
DA:806,0
DA:807,0
DA:809,0
DA:810,0
DA:813,0
DA:814,0
DA:824,0
DA:825,0
DA:826,0
DA:827,0
DA:835,0
DA:839,0
DA:840,0
DA:841,0
DA:851,0
DA:853,0
DA:951,0
DA:953,0
DA:956,0
DA:957,0
DA:958,0
DA:959,0
DA:960,0
DA:961,0
DA:962,0
DA:965,0
DA:976,0
DA:985,0
DA:986,0
DA:989,0
DA:1005,0
DA:1036,0
DA:1080,0
DA:1084,0
DA:1120,0
DA:1142,0
DA:1159,0
DA:1173,0
DA:1191,0
DA:1205,0
DA:1225,0
DA:1248,0
DA:1269,0
DA:1288,0
DA:1310,0
DA:1330,0
DA:1332,0
DA:1334,0
DA:1336,0
DA:1356,0
DA:1367,0
LF:201
LH:0
BRDA:459,0,0,0
BRDA:459,0,1,0
BRDA:479,1,0,0
BRDA:479,1,1,0
BRDA:479,2,0,0
BRDA:479,2,1,0
BRDA:481,3,0,0
BRDA:481,3,1,0
BRDA:481,4,0,0
BRDA:481,4,1,0
BRDA:510,5,0,0
BRDA:510,5,1,0
BRDA:510,6,0,0
BRDA:510,6,1,0
BRDA:510,6,2,0
BRDA:513,7,0,0
BRDA:513,7,1,0
BRDA:514,8,0,0
BRDA:514,8,1,0
BRDA:553,9,0,0
BRDA:553,9,1,0
BRDA:554,10,0,0
BRDA:554,10,1,0
BRDA:555,11,0,0
BRDA:555,11,1,0
BRDA:556,12,0,0
BRDA:556,12,1,0
BRDA:558,13,0,0
BRDA:558,13,1,0
BRDA:559,14,0,0
BRDA:559,14,1,0
BRDA:559,15,0,0
BRDA:559,15,1,0
BRDA:559,15,2,0
BRDA:575,16,0,0
BRDA:575,16,1,0
BRDA:575,16,2,0
BRDA:582,17,0,0
BRDA:582,17,1,0
BRDA:584,18,0,0
BRDA:584,18,1,0
BRDA:584,19,0,0
BRDA:584,19,1,0
BRDA:588,20,0,0
BRDA:588,20,1,0
BRDA:589,21,0,0
BRDA:589,21,1,0
BRDA:590,22,0,0
BRDA:590,22,1,0
BRDA:596,23,0,0
BRDA:596,23,1,0
BRDA:604,24,0,0
BRDA:604,24,1,0
BRDA:605,25,0,0
BRDA:605,25,1,0
BRDA:608,26,0,0
BRDA:608,26,1,0
BRDA:608,26,2,0
BRDA:614,27,0,0
BRDA:614,27,1,0
BRDA:617,28,0,0
BRDA:617,28,1,0
BRDA:617,28,2,0
BRDA:618,29,0,0
BRDA:618,29,1,0
BRDA:619,30,0,0
BRDA:619,30,1,0
BRDA:620,31,0,0
BRDA:620,31,1,0
BRDA:620,31,2,0
BRDA:621,32,0,0
BRDA:621,32,1,0
BRDA:621,32,2,0
BRDA:622,33,0,0
BRDA:622,33,1,0
BRDA:622,33,2,0
BRDA:623,34,0,0
BRDA:623,34,1,0
BRDA:623,34,2,0
BRDA:624,35,0,0
BRDA:624,35,1,0
BRDA:624,35,2,0
BRDA:629,36,0,0
BRDA:629,36,1,0
BRDA:631,37,0,0
BRDA:631,37,1,0
BRDA:631,37,2,0
BRDA:637,38,0,0
BRDA:637,38,1,0
BRDA:637,39,0,0
BRDA:637,39,1,0
BRDA:639,40,0,0
BRDA:639,40,1,0
BRDA:639,41,0,0
BRDA:639,41,1,0
BRDA:639,41,2,0
BRDA:640,42,0,0
BRDA:640,42,1,0
BRDA:640,42,2,0
BRDA:642,43,0,0
BRDA:642,43,1,0
BRDA:642,43,2,0
BRDA:645,44,0,0
BRDA:645,44,1,0
BRDA:645,44,2,0
BRDA:647,45,0,0
BRDA:647,45,1,0
BRDA:647,45,2,0
BRDA:682,46,0,0
BRDA:682,46,1,0
BRDA:683,47,0,0
BRDA:683,47,1,0
BRDA:685,48,0,0
BRDA:685,48,1,0
BRDA:692,49,0,0
BRDA:692,49,1,0
BRDA:694,50,0,0
BRDA:694,50,1,0
BRDA:696,51,0,0
BRDA:696,51,1,0
BRDA:696,52,0,0
BRDA:696,52,1,0
BRDA:700,53,0,0
BRDA:700,53,1,0
BRDA:701,54,0,0
BRDA:701,54,1,0
BRDA:701,55,0,0
BRDA:701,55,1,0
BRDA:716,56,0,0
BRDA:716,56,1,0
BRDA:717,57,0,0
BRDA:717,57,1,0
BRDA:717,58,0,0
BRDA:717,58,1,0
BRDA:731,59,0,0
BRDA:731,59,1,0
BRDA:742,60,0,0
BRDA:742,60,1,0
BRDA:744,61,0,0
BRDA:744,61,1,0
BRDA:744,61,2,0
BRDA:751,62,0,0
BRDA:751,62,1,0
BRDA:751,62,2,0
BRDA:751,62,3,0
BRDA:758,63,0,0
BRDA:758,63,1,0
BRDA:758,63,2,0
BRDA:758,63,3,0
BRDA:758,63,4,0
BRDA:758,63,5,0
BRDA:763,64,0,0
BRDA:763,64,1,0
BRDA:768,65,0,0
BRDA:768,65,1,0
BRDA:768,66,0,0
BRDA:768,66,1,0
BRDA:774,67,0,0
BRDA:774,67,1,0
BRDA:774,68,0,0
BRDA:774,68,1,0
BRDA:774,68,2,0
BRDA:778,69,0,0
BRDA:778,69,1,0
BRDA:789,70,0,0
BRDA:789,70,1,0
BRDA:791,71,0,0
BRDA:791,71,1,0
BRDA:791,72,0,0
BRDA:791,72,1,0
BRDA:801,73,0,0
BRDA:801,73,1,0
BRDA:801,74,0,0
BRDA:801,74,1,0
BRDA:805,75,0,0
BRDA:805,75,1,0
BRDA:809,76,0,0
BRDA:809,76,1,0
BRDA:809,77,0,0
BRDA:809,77,1,0
BRDA:809,77,2,0
BRDA:813,78,0,0
BRDA:813,78,1,0
BRDA:826,79,0,0
BRDA:826,79,1,0
BRDA:840,80,0,0
BRDA:840,80,1,0
BRDA:840,81,0,0
BRDA:840,81,1,0
BRDA:855,82,0,0
BRDA:855,82,1,0
BRDA:858,83,0,0
BRDA:858,83,1,0
BRDA:945,84,0,0
BRDA:945,84,1,0
BRDA:948,85,0,0
BRDA:948,85,1,0
BRDA:951,86,0,0
BRDA:951,86,1,0
BRDA:953,87,0,0
BRDA:953,87,1,0
BRDA:953,87,2,0
BRDA:953,87,3,0
BRDA:957,88,0,0
BRDA:957,88,1,0
BRDA:959,89,0,0
BRDA:959,89,1,0
BRDA:959,90,0,0
BRDA:959,90,1,0
BRDA:961,91,0,0
BRDA:961,91,1,0
BRDA:961,92,0,0
BRDA:961,92,1,0
BRDA:969,93,0,0
BRDA:969,93,1,0
BRDA:971,94,0,0
BRDA:971,94,1,0
BRDA:986,95,0,0
BRDA:986,95,1,0
BRDA:991,96,0,0
BRDA:991,96,1,0
BRDA:992,97,0,0
BRDA:992,97,1,0
BRDA:995,98,0,0
BRDA:995,98,1,0
BRDA:1020,99,0,0
BRDA:1020,99,1,0
BRDA:1025,100,0,0
BRDA:1025,100,1,0
BRDA:1034,101,0,0
BRDA:1034,101,1,0
BRDA:1041,102,0,0
BRDA:1041,102,1,0
BRDA:1046,103,0,0
BRDA:1046,103,1,0
BRDA:1051,104,0,0
BRDA:1051,104,1,0
BRDA:1059,105,0,0
BRDA:1059,105,1,0
BRDA:1077,106,0,0
BRDA:1077,106,1,0
BRDA:1088,107,0,0
BRDA:1088,107,1,0
BRDA:1109,108,0,0
BRDA:1109,108,1,0
BRDA:1118,109,0,0
BRDA:1118,109,1,0
BRDA:1133,110,0,0
BRDA:1133,110,1,0
BRDA:1144,111,0,0
BRDA:1144,111,1,0
BRDA:1144,112,0,0
BRDA:1144,112,1,0
BRDA:1144,112,2,0
BRDA:1144,112,3,0
BRDA:1161,113,0,0
BRDA:1161,113,1,0
BRDA:1175,114,0,0
BRDA:1175,114,1,0
BRDA:1193,115,0,0
BRDA:1193,115,1,0
BRDA:1207,116,0,0
BRDA:1207,116,1,0
BRDA:1250,117,0,0
BRDA:1250,117,1,0
BRDA:1271,118,0,0
BRDA:1271,118,1,0
BRDA:1282,119,0,0
BRDA:1282,119,1,0
BRDA:1282,119,2,0
BRDA:1290,120,0,0
BRDA:1290,120,1,0
BRDA:1307,121,0,0
BRDA:1307,121,1,0
BRDA:1312,122,0,0
BRDA:1312,122,1,0
BRDA:1324,123,0,0
BRDA:1324,123,1,0
BRDA:1370,124,0,0
BRDA:1370,124,1,0
BRDA:1377,125,0,0
BRDA:1377,125,1,0
BRDA:1384,126,0,0
BRDA:1384,126,1,0
BRDA:1389,127,0,0
BRDA:1389,127,1,0
BRF:286
BRH:0
end_of_record
TN:
SF:src\app\components\figma\ImageWithFallback.tsx
FN:6,ImageWithFallback
FN:9,(anonymous_1)
FNF:2
FNH:0
FNDA:0,ImageWithFallback
FNDA:0,(anonymous_1)
DA:4,0
DA:7,0
DA:9,0
DA:10,0
DA:13,0
DA:15,0
LF:6
LH:0
BRDA:15,0,0,0
BRDA:15,0,1,0
BRDA:17,1,0,0
BRDA:17,1,1,0
BRF:4
BRH:0
end_of_record
TN:
SF:src\app\components\radio\RadioBody.tsx
FN:42,RadioBody
FN:69,(anonymous_1)
FN:81,(anonymous_2)
FN:83,(anonymous_3)
FN:110,(anonymous_4)
FN:113,(anonymous_5)
FN:163,(anonymous_6)
FN:456,(anonymous_7)
FN:462,(anonymous_8)
FNF:9
FNH:0
FNDA:0,RadioBody
FNDA:0,(anonymous_1)
FNDA:0,(anonymous_2)
FNDA:0,(anonymous_3)
FNDA:0,(anonymous_4)
FNDA:0,(anonymous_5)
FNDA:0,(anonymous_6)
FNDA:0,(anonymous_7)
FNDA:0,(anonymous_8)
DA:65,0
DA:67,0
DA:70,0
DA:71,0
DA:82,0
DA:83,0
DA:85,0
DA:86,0
DA:87,0
DA:110,0
DA:113,0
DA:164,0
DA:165,0
DA:179,0
DA:180,0
DA:188,0
DA:214,0
DA:215,0
DA:221,0
DA:233,0
DA:234,0
DA:256,0
DA:257,0
DA:279,0
DA:280,0
DA:309,0
DA:310,0
DA:340,0
DA:341,0
DA:371,0
DA:372,0
DA:373,0
DA:374,0
DA:375,0
DA:408,0
DA:417,0
DA:418,0
DA:456,0
DA:463,0
DA:464,0
LF:40
LH:0
BRDA:70,0,0,0
BRDA:70,0,1,0
BRDA:70,1,0,0
BRDA:70,1,1,0
BRDA:76,2,0,0
BRDA:76,2,1,0
BRDA:79,3,0,0
BRDA:79,3,1,0
BRDA:79,3,2,0
BRDA:83,4,0,0
BRDA:83,4,1,0
BRDA:86,5,0,0
BRDA:86,5,1,0
BRDA:91,6,0,0
BRDA:91,6,1,0
BRDA:112,7,0,0
BRDA:112,7,1,0
BRDA:113,8,0,0
BRDA:113,8,1,0
BRDA:144,9,0,0
BRDA:144,9,1,0
BRDA:146,10,0,0
BRDA:146,10,1,0
BRDA:159,11,0,0
BRDA:159,11,1,0
BRDA:159,11,2,0
BRDA:159,11,3,0
BRDA:161,12,0,0
BRDA:161,12,1,0
BRDA:164,13,0,0
BRDA:164,13,1,0
BRDA:165,14,0,0
BRDA:165,14,1,0
BRDA:179,15,0,0
BRDA:179,15,1,0
BRDA:197,16,0,0
BRDA:197,16,1,0
BRDA:202,17,0,0
BRDA:202,17,1,0
BRDA:204,18,0,0
BRDA:204,18,1,0
BRDA:214,19,0,0
BRDA:214,19,1,0
BRDA:227,20,0,0
BRDA:227,20,1,0
BRDA:233,21,0,0
BRDA:233,21,1,0
BRDA:246,22,0,0
BRDA:246,22,1,0
BRDA:256,23,0,0
BRDA:256,23,1,0
BRDA:269,24,0,0
BRDA:269,24,1,0
BRDA:279,25,0,0
BRDA:279,25,1,0
BRDA:287,26,0,0
BRDA:287,26,1,0
BRDA:293,27,0,0
BRDA:293,27,1,0
BRDA:300,28,0,0
BRDA:300,28,1,0
BRDA:309,29,0,0
BRDA:309,29,1,0
BRDA:317,30,0,0
BRDA:317,30,1,0
BRDA:323,31,0,0
BRDA:323,31,1,0
BRDA:330,32,0,0
BRDA:330,32,1,0
BRDA:340,33,0,0
BRDA:340,33,1,0
BRDA:348,34,0,0
BRDA:348,34,1,0
BRDA:354,35,0,0
BRDA:354,35,1,0
BRDA:361,36,0,0
BRDA:361,36,1,0
BRDA:371,37,0,0
BRDA:371,37,1,0
BRDA:371,38,0,0
BRDA:371,38,1,0
BRDA:372,39,0,0
BRDA:372,39,1,0
BRDA:374,40,0,0
BRDA:374,40,1,0
BRDA:383,41,0,0
BRDA:383,41,1,0
BRDA:397,42,0,0
BRDA:397,42,1,0
BRDA:425,43,0,0
BRDA:425,43,1,0
BRDA:435,44,0,0
BRDA:435,44,1,0
BRDA:451,45,0,0
BRDA:451,45,1,0
BRDA:453,46,0,0
BRDA:453,46,1,0
BRDA:463,47,0,0
BRDA:463,47,1,0
BRF:99
BRH:0
end_of_record
TN:
SF:src\app\components\radio\RadioFooter.tsx
FN:10,RadioFooter
FN:36,RadioQuickDock
FN:48,(anonymous_2)
FNF:3
FNH:0
FNDA:0,RadioFooter
FNDA:0,RadioQuickDock
FNDA:0,(anonymous_2)
DA:11,0
DA:13,0
DA:43,0
DA:45,0
DA:47,0
DA:48,0
LF:6
LH:0
BRDA:15,0,0,0
BRDA:15,0,1,0
BRDA:45,1,0,0
BRDA:45,1,1,0
BRF:4
BRH:0
end_of_record
TN:
SF:src\app\components\radio\RadioHeader.tsx
FN:12,RadioHeader
FN:29,(anonymous_1)
FN:90,(anonymous_2)
FN:101,RadioLCD
FNF:4
FNH:0
FNDA:0,RadioHeader
FNDA:0,(anonymous_1)
FNDA:0,(anonymous_2)
FNDA:0,RadioLCD
DA:13,0
DA:15,0
DA:30,0
DA:31,0
DA:90,0
DA:102,0
DA:104,0
LF:7
LH:0
BRDA:30,0,0,0
BRDA:30,0,1,0
BRDA:34,1,0,0
BRDA:34,1,1,0
BRDA:39,2,0,0
BRDA:39,2,1,0
BRF:6
BRH:0
end_of_record
TN:
SF:src\app\components\radio\RadioPanels.tsx
FN:14,(anonymous_0)
FN:43,RadioPanels
FN:72,(anonymous_2)
FN:73,(anonymous_3)
FN:82,(anonymous_4)
FN:86,(anonymous_5)
FN:90,(anonymous_6)
FN:94,(anonymous_7)
FN:98,(anonymous_8)
FN:105,(anonymous_9)
FN:106,(anonymous_10)
FN:107,(anonymous_11)
FN:117,(anonymous_12)
FN:118,(anonymous_13)
FNF:14
FNH:0
FNDA:0,(anonymous_0)
FNDA:0,RadioPanels
FNDA:0,(anonymous_2)
FNDA:0,(anonymous_3)
FNDA:0,(anonymous_4)
FNDA:0,(anonymous_5)
FNDA:0,(anonymous_6)
FNDA:0,(anonymous_7)
FNDA:0,(anonymous_8)
FNDA:0,(anonymous_9)
FNDA:0,(anonymous_10)
FNDA:0,(anonymous_11)
FNDA:0,(anonymous_12)
FNDA:0,(anonymous_13)
DA:14,0
DA:15,0
DA:16,0
DA:64,0
DA:66,0
DA:67,0
DA:72,0
DA:74,0
DA:75,0
DA:81,0
DA:82,0
DA:85,0
DA:86,0
DA:89,0
DA:90,0
DA:93,0
DA:94,0
DA:97,0
DA:98,0
DA:101,0
DA:102,0
DA:105,0
DA:106,0
DA:107,0
DA:113,0
DA:117,0
DA:118,0
LF:27
LH:0
BRDA:66,0,0,0
BRDA:66,0,1,0
BRDA:81,1,0,0
BRDA:81,1,1,0
BRDA:85,2,0,0
BRDA:85,2,1,0
BRDA:89,3,0,0
BRDA:89,3,1,0
BRDA:93,4,0,0
BRDA:93,4,1,0
BRDA:97,5,0,0
BRDA:97,5,1,0
BRDA:101,6,0,0
BRDA:101,6,1,0
BRDA:115,7,0,0
BRDA:115,7,1,0
BRF:16
BRH:0
end_of_record
TN:
SF:src\app\components\ui\alert-dialog.tsx
FN:9,AlertDialog
FN:13,AlertDialogTrigger
FN:19,AlertDialogPortal
FN:23,AlertDialogOverlay
FN:39,AlertDialogContent
FN:58,AlertDialogHeader
FN:68,AlertDialogFooter
FN:78,AlertDialogTitle
FN:91,AlertDialogDescription
FN:104,AlertDialogAction
FN:111,AlertDialogCancel
FNF:11
FNH:0
FNDA:0,AlertDialog
FNDA:0,AlertDialogTrigger
FNDA:0,AlertDialogPortal
FNDA:0,AlertDialogOverlay
FNDA:0,AlertDialogContent
FNDA:0,AlertDialogHeader
FNDA:0,AlertDialogFooter
FNDA:0,AlertDialogTitle
FNDA:0,AlertDialogDescription
FNDA:0,AlertDialogAction
FNDA:0,AlertDialogCancel
DA:7,0
DA:10,0
DA:16,0
DA:20,0
DA:27,0
DA:43,0
DA:59,0
DA:69,0
DA:82,0
DA:95,0
DA:108,0
DA:115,0
LF:12
LH:0
BRF:0
BRH:0
end_of_record
TN:
SF:src\app\components\ui\alert.tsx
FN:22,Alert
FN:37,AlertTitle
FN:47,AlertDescription
FNF:3
FNH:0
FNDA:0,Alert
FNDA:0,AlertTitle
FNDA:0,AlertDescription
DA:6,0
DA:27,0
DA:38,0
DA:48,0
LF:4
LH:0
BRF:0
BRH:0
end_of_record
TN:
SF:src\app\components\ui\avatar.tsx
FN:8,Avatar
FN:18,AvatarImage
FN:28,AvatarFallback
FNF:3
FNH:0
FNDA:0,Avatar
FNDA:0,AvatarImage
FNDA:0,AvatarFallback
DA:6,0
DA:9,0
DA:19,0
DA:32,0
LF:4
LH:0
BRF:0
BRH:0
end_of_record
TN:
SF:src\app\components\ui\badge.tsx
FN:26,Badge
FNF:1
FNH:0
FNDA:0,Badge
DA:7,0
DA:32,0
DA:34,0
LF:3
LH:0
BRDA:29,0,0,0
BRDA:32,1,0,0
BRDA:32,1,1,0
BRF:3
BRH:0
end_of_record
TN:
SF:src\app\components\ui\breadcrumb.tsx
FN:7,Breadcrumb
FN:11,BreadcrumbList
FN:24,BreadcrumbItem
FN:34,BreadcrumbLink
FN:52,BreadcrumbPage
FN:65,BreadcrumbSeparator
FN:79,BreadcrumbEllipsis
FNF:7
FNH:0
FNDA:0,Breadcrumb
FNDA:0,BreadcrumbList
FNDA:0,BreadcrumbItem
FNDA:0,BreadcrumbLink
FNDA:0,BreadcrumbPage
FNDA:0,BreadcrumbSeparator
FNDA:0,BreadcrumbEllipsis
DA:8,0
DA:12,0
DA:25,0
DA:41,0
DA:43,0
DA:53,0
DA:66,0
DA:80,0
LF:8
LH:0
BRDA:41,0,0,0
BRDA:41,0,1,0
BRDA:74,1,0,0
BRDA:74,1,1,0
BRF:4
BRH:0
end_of_record
TN:
SF:src\app\components\ui\button.tsx
FN:35,Button
FNF:1
FNH:0
FNDA:0,Button
DA:7,0
DA:45,0
DA:47,0
LF:3
LH:0
BRDA:39,0,0,0
BRDA:45,1,0,0
BRDA:45,1,1,0
BRF:3
BRH:0
end_of_record
TN:
SF:src\app\components\ui\card.tsx
FN:5,Card
FN:18,CardHeader
FN:31,CardTitle
FN:35,CardDescription
FN:41,CardAction
FN:51,CardContent
FN:61,CardFooter
FNF:7
FNH:0
FNDA:0,Card
FNDA:0,CardHeader
FNDA:0,CardTitle
FNDA:0,CardDescription
FNDA:0,CardAction
FNDA:0,CardContent
FNDA:0,CardFooter
DA:6,0
DA:19,0
DA:32,0
DA:36,0
DA:42,0
DA:52,0
DA:62,0
LF:7
LH:0
BRF:0
BRH:0
end_of_record
TN:
SF:src\app\components\ui\checkbox.tsx
FN:9,Checkbox
FNF:1
FNH:0
FNDA:0,Checkbox
DA:7,0
DA:10,0
LF:2
LH:0
BRF:0
BRH:0
end_of_record
TN:
SF:src\app\components\ui\collapsible.tsx
FN:5,Collapsible
FN:9,CollapsibleTrigger
FN:15,CollapsibleContent
FNF:3
FNH:0
FNDA:0,Collapsible
FNDA:0,CollapsibleTrigger
FNDA:0,CollapsibleContent
DA:3,0
DA:6,0
DA:12,0
DA:18,0
LF:4
LH:0
BRF:0
BRH:0
end_of_record
TN:
SF:src\app\components\ui\command.tsx
FN:10,Command
FN:23,CommandDialog
FN:47,CommandInput
FN:66,CommandList
FN:76,CommandEmpty
FN:86,CommandGroup
FN:102,CommandSeparator
FN:115,CommandItem
FN:128,CommandShortcut
FNF:9
FNH:0
FNDA:0,Command
FNDA:0,CommandDialog
FNDA:0,CommandInput
FNDA:0,CommandList
FNDA:0,CommandEmpty
FNDA:0,CommandGroup
FNDA:0,CommandSeparator
FNDA:0,CommandItem
FNDA:0,CommandShortcut
DA:8,0
DA:11,0
DA:32,0
DA:51,0
DA:67,0
DA:77,0
DA:90,0
DA:106,0
DA:116,0
DA:129,0
LF:10
LH:0
BRDA:24,0,0,0
BRDA:25,1,0,0
BRF:2
BRH:0
end_of_record
TN:
SF:src\app\components\ui\context-menu.tsx
FN:9,ContextMenu
FN:13,ContextMenuTrigger
FN:19,ContextMenuGroup
FN:23,ContextMenuPortal
FN:27,ContextMenuSub
FN:31,ContextMenuRadioGroup
FN:37,ContextMenuSubTrigger
FN:61,ContextMenuSubContent
FN:77,ContextMenuContent
FN:95,ContextMenuItem
FN:118,ContextMenuCheckboxItem
FN:144,ContextMenuRadioItem
FN:168,ContextMenuLabel
FN:185,ContextMenuSeparator
FN:198,ContextMenuShortcut
FNF:15
FNH:0
FNDA:0,ContextMenu
FNDA:0,ContextMenuTrigger
FNDA:0,ContextMenuGroup
FNDA:0,ContextMenuPortal
FNDA:0,ContextMenuSub
FNDA:0,ContextMenuRadioGroup
FNDA:0,ContextMenuSubTrigger
FNDA:0,ContextMenuSubContent
FNDA:0,ContextMenuContent
FNDA:0,ContextMenuItem
FNDA:0,ContextMenuCheckboxItem
FNDA:0,ContextMenuRadioItem
FNDA:0,ContextMenuLabel
FNDA:0,ContextMenuSeparator
FNDA:0,ContextMenuShortcut
DA:7,0
DA:10,0
DA:16,0
DA:20,0
DA:24,0
DA:28,0
DA:34,0
DA:45,0
DA:65,0
DA:81,0
DA:104,0
DA:124,0
DA:149,0
DA:175,0
DA:189,0
DA:199,0
LF:16
LH:0
BRDA:98,0,0,0
BRF:1
BRH:0
end_of_record
TN:
SF:src\app\components\ui\dialog.tsx
FN:9,Dialog
FN:13,DialogTrigger
FN:17,DialogPortal
FN:21,DialogClose
FN:25,DialogOverlay
FN:41,DialogContent
FN:67,DialogHeader
FN:77,DialogFooter
FN:87,DialogTitle
FN:97,DialogDescription
FNF:10
FNH:0
FNDA:0,Dialog
FNDA:0,DialogTrigger
FNDA:0,DialogPortal
FNDA:0,DialogClose
FNDA:0,DialogOverlay
FNDA:0,DialogContent
FNDA:0,DialogHeader
FNDA:0,DialogFooter
FNDA:0,DialogTitle
FNDA:0,DialogDescription
DA:7,0
DA:10,0
DA:14,0
DA:18,0
DA:22,0
DA:29,0
DA:46,0
DA:68,0
DA:78,0
DA:88,0
DA:101,0
LF:11
LH:0
BRF:0
BRH:0
end_of_record
TN:
SF:src\app\components\ui\drawer.tsx
FN:8,Drawer
FN:12,DrawerTrigger
FN:16,DrawerPortal
FN:20,DrawerClose
FN:24,DrawerOverlay
FN:40,DrawerContent
FN:67,DrawerHeader
FN:77,DrawerFooter
FN:87,DrawerTitle
FN:97,DrawerDescription
FNF:10
FNH:0
FNDA:0,Drawer
FNDA:0,DrawerTrigger
FNDA:0,DrawerPortal
FNDA:0,DrawerClose
FNDA:0,DrawerOverlay
FNDA:0,DrawerContent
FNDA:0,DrawerHeader
FNDA:0,DrawerFooter
FNDA:0,DrawerTitle
FNDA:0,DrawerDescription
DA:6,0
DA:9,0
DA:13,0
DA:17,0
DA:21,0
DA:28,0
DA:45,0
DA:68,0
DA:78,0
DA:88,0
DA:101,0
LF:11
LH:0
BRF:0
BRH:0
end_of_record
TN:
SF:src\app\components\ui\dropdown-menu.tsx
FN:9,DropdownMenu
FN:13,DropdownMenuPortal
FN:19,DropdownMenuTrigger
FN:25,DropdownMenuContent
FN:45,DropdownMenuGroup
FN:49,DropdownMenuItem
FN:72,DropdownMenuCheckboxItem
FN:98,DropdownMenuRadioGroup
FN:104,DropdownMenuRadioItem
FN:128,DropdownMenuLabel
FN:145,DropdownMenuSeparator
FN:158,DropdownMenuShortcut
FN:168,DropdownMenuSub
FN:172,DropdownMenuSubTrigger
FN:196,DropdownMenuSubContent
FNF:15
FNH:0
FNDA:0,DropdownMenu
FNDA:0,DropdownMenuPortal
FNDA:0,DropdownMenuTrigger
FNDA:0,DropdownMenuContent
FNDA:0,DropdownMenuGroup
FNDA:0,DropdownMenuItem
FNDA:0,DropdownMenuCheckboxItem
FNDA:0,DropdownMenuRadioGroup
FNDA:0,DropdownMenuRadioItem
FNDA:0,DropdownMenuLabel
FNDA:0,DropdownMenuSeparator
FNDA:0,DropdownMenuShortcut
FNDA:0,DropdownMenuSub
FNDA:0,DropdownMenuSubTrigger
FNDA:0,DropdownMenuSubContent
DA:7,0
DA:10,0
DA:16,0
DA:22,0
DA:30,0
DA:46,0
DA:58,0
DA:78,0
DA:101,0
DA:109,0
DA:135,0
DA:149,0
DA:159,0
DA:169,0
DA:180,0
DA:200,0
LF:16
LH:0
BRDA:27,0,0,0
BRDA:52,1,0,0
BRF:2
BRH:0
end_of_record
TN:
SF:src\app\components\ui\hover-card.tsx
FN:8,HoverCard
FN:12,HoverCardTrigger
FN:16,HoverCardContent
FNF:3
FNH:0
FNDA:0,HoverCard
FNDA:0,HoverCardTrigger
FNDA:0,HoverCardContent
DA:6,0
DA:9,0
DA:13,0
DA:22,0
LF:4
LH:0
BRDA:18,0,0,0
BRDA:19,1,0,0
BRF:2
BRH:0
end_of_record
TN:
SF:src\app\components\ui\input-otp.tsx
FN:9,InputOTP
FN:26,InputOTPGroup
FN:36,InputOTPSlot
FN:66,InputOTPSeparator
FNF:4
FNH:0
FNDA:0,InputOTP
FNDA:0,InputOTPGroup
FNDA:0,InputOTPSlot
FNDA:0,InputOTPSeparator
DA:7,0
DA:16,0
DA:27,0
DA:43,0
DA:44,0
DA:46,0
DA:67,0
LF:7
LH:0
BRDA:44,0,0,0
BRDA:44,0,1,0
BRDA:57,1,0,0
BRDA:57,1,1,0
BRF:4
BRH:0
end_of_record
TN:
SF:src\app\components\ui\input.tsx
FN:5,Input
FNF:1
FNH:0
FNDA:0,Input
DA:6,0
LF:1
LH:0
BRF:0
BRH:0
end_of_record
TN:
SF:src\app\components\ui\label.tsx
FN:8,Label
FNF:1
FNH:0
FNDA:0,Label
DA:6,0
DA:9,0
LF:2
LH:0
BRF:0
BRH:0
end_of_record
TN:
SF:src\app\components\ui\pagination.tsx
FN:7,Pagination
FN:19,PaginationContent
FN:29,PaginationItem
FN:38,PaginationLink
FN:56,PaginationPrevious
FN:70,PaginationNext
FN:84,PaginationEllipsis
FNF:7
FNH:0
FNDA:0,Pagination
FNDA:0,PaginationContent
FNDA:0,PaginationItem
FNDA:0,PaginationLink
FNDA:0,PaginationPrevious
FNDA:0,PaginationNext
FNDA:0,PaginationEllipsis
DA:8,0
DA:20,0
DA:30,0
DA:39,0
DA:57,0
DA:71,0
DA:85,0
LF:7
LH:0
BRDA:38,0,0,0
BRDA:41,1,0,0
BRDA:41,1,1,0
BRDA:46,2,0,0
BRDA:46,2,1,0
BRF:5
BRH:0
end_of_record
TN:
SF:src\app\components\ui\popover.tsx
FN:8,Popover
FN:12,PopoverTrigger
FN:16,PopoverContent
FN:38,PopoverAnchor
FNF:4
FNH:0
FNDA:0,Popover
FNDA:0,PopoverTrigger
FNDA:0,PopoverContent
FNDA:0,PopoverAnchor
DA:6,0
DA:9,0
DA:13,0
DA:22,0
DA:39,0
LF:5
LH:0
BRDA:18,0,0,0
BRDA:19,1,0,0
BRF:2
BRH:0
end_of_record
TN:
SF:src\app\components\ui\progress.tsx
FN:8,Progress
FNF:1
FNH:0
FNDA:0,Progress
DA:6,0
DA:13,0
LF:2
LH:0
BRDA:22,0,0,0
BRDA:22,0,1,0
BRF:2
BRH:0
end_of_record
TN:
SF:src\app\components\ui\resizable.tsx
FN:9,ResizablePanelGroup
FN:22,ResizablePanel
FN:26,ResizableHandle
FNF:3
FNH:0
FNDA:0,ResizablePanelGroup
FNDA:0,ResizablePanel
FNDA:0,ResizableHandle
DA:7,0
DA:13,0
DA:23,0
DA:33,0
LF:4
LH:0
BRDA:42,0,0,0
BRDA:42,0,1,0
BRF:2
BRH:0
end_of_record
TN:
SF:src\app\components\ui\scroll-area.tsx
FN:8,ScrollArea
FN:31,ScrollBar
FNF:2
FNH:0
FNDA:0,ScrollArea
FNDA:0,ScrollBar
DA:6,0
DA:13,0
DA:36,0
LF:3
LH:0
BRDA:33,0,0,0
BRDA:42,1,0,0
BRDA:42,1,1,0
BRDA:43,2,0,0
BRDA:43,2,1,0
BRF:5
BRH:0
end_of_record
TN:
SF:src\app\components\ui\select.tsx
FN:9,Select
FN:13,SelectGroup
FN:17,SelectValue
FN:21,SelectTrigger
FN:47,SelectContent
FN:82,SelectLabel
FN:92,SelectItem
FN:116,SelectSeparator
FN:129,SelectScrollUpButton
FN:144,SelectScrollDownButton
FNF:10
FNH:0
FNDA:0,Select
FNDA:0,SelectGroup
FNDA:0,SelectValue
FNDA:0,SelectTrigger
FNDA:0,SelectContent
FNDA:0,SelectLabel
FNDA:0,SelectItem
FNDA:0,SelectSeparator
FNDA:0,SelectScrollUpButton
FNDA:0,SelectScrollDownButton
DA:7,0
DA:10,0
DA:14,0
DA:18,0
DA:29,0
DA:53,0
DA:83,0
DA:97,0
DA:120,0
DA:133,0
DA:148,0
LF:11
LH:0
BRDA:23,0,0,0
BRDA:50,1,0,0
BRDA:59,2,0,0
BRDA:59,2,1,0
BRDA:70,3,0,0
BRDA:70,3,1,0
BRF:6
BRH:0
end_of_record
TN:
SF:src\app\components\ui\separator.tsx
FN:8,Separator
FNF:1
FNH:0
FNDA:0,Separator
DA:6,0
DA:14,0
LF:2
LH:0
BRDA:10,0,0,0
BRDA:11,1,0,0
BRF:2
BRH:0
end_of_record
TN:
SF:src\app\components\ui\sheet.tsx
FN:9,Sheet
FN:13,SheetTrigger
FN:17,SheetClose
FN:21,SheetPortal
FN:25,SheetOverlay
FN:41,SheetContent
FN:78,SheetHeader
FN:88,SheetFooter
FN:98,SheetTitle
FN:108,SheetDescription
FNF:10
FNH:0
FNDA:0,Sheet
FNDA:0,SheetTrigger
FNDA:0,SheetClose
FNDA:0,SheetPortal
FNDA:0,SheetOverlay
FNDA:0,SheetContent
FNDA:0,SheetHeader
FNDA:0,SheetFooter
FNDA:0,SheetTitle
FNDA:0,SheetDescription
DA:7,0
DA:10,0
DA:14,0
DA:18,0
DA:22,0
DA:29,0
DA:49,0
DA:79,0
DA:89,0
DA:99,0
DA:112,0
LF:11
LH:0
BRDA:44,0,0,0
BRDA:56,1,0,0
BRDA:56,1,1,0
BRDA:58,2,0,0
BRDA:58,2,1,0
BRDA:60,3,0,0
BRDA:60,3,1,0
BRDA:62,4,0,0
BRDA:62,4,1,0
BRF:9
BRH:0
end_of_record
TN:
SF:src\app\components\ui\sidebar.tsx
FN:36,useSidebar
FN:45,SidebarProvider
FN:66,(anonymous_2)
FN:81,(anonymous_3)
FN:82,(anonymous_4)
FN:82,(anonymous_5)
FN:86,(anonymous_6)
FN:87,(anonymous_7)
FN:95,(anonymous_8)
FN:103,(anonymous_9)
FN:140,Sidebar
FN:242,SidebarTrigger
FN:252,(anonymous_12)
FN:264,SidebarRail
FN:290,SidebarInset
FN:304,SidebarInput
FN:315,SidebarHeader
FN:326,SidebarFooter
FN:337,SidebarSeparator
FN:348,SidebarContent
FN:362,SidebarGroup
FN:373,SidebarGroupLabel
FN:394,SidebarGroupAction
FN:417,SidebarGroupContent
FN:428,SidebarMenu
FN:439,SidebarMenuItem
FN:472,SidebarMenuButton
FN:522,SidebarMenuAction
FN:554,SidebarMenuBadge
FN:573,SidebarMenuSkeleton
FN:581,(anonymous_30)
FN:606,SidebarMenuSub
FN:621,SidebarMenuSubItem
FN:632,SidebarMenuSubButton
FNF:34
FNH:0
FNDA:0,useSidebar
FNDA:0,SidebarProvider
FNDA:0,(anonymous_2)
FNDA:0,(anonymous_3)
FNDA:0,(anonymous_4)
FNDA:0,(anonymous_5)
FNDA:0,(anonymous_6)
FNDA:0,(anonymous_7)
FNDA:0,(anonymous_8)
FNDA:0,(anonymous_9)
FNDA:0,Sidebar
FNDA:0,SidebarTrigger
FNDA:0,(anonymous_12)
FNDA:0,SidebarRail
FNDA:0,SidebarInset
FNDA:0,SidebarInput
FNDA:0,SidebarHeader
FNDA:0,SidebarFooter
FNDA:0,SidebarSeparator
FNDA:0,SidebarContent
FNDA:0,SidebarGroup
FNDA:0,SidebarGroupLabel
FNDA:0,SidebarGroupAction
FNDA:0,SidebarGroupContent
FNDA:0,SidebarMenu
FNDA:0,SidebarMenuItem
FNDA:0,SidebarMenuButton
FNDA:0,SidebarMenuAction
FNDA:0,SidebarMenuBadge
FNDA:0,SidebarMenuSkeleton
FNDA:0,(anonymous_30)
FNDA:0,SidebarMenuSub
FNDA:0,SidebarMenuSubItem
FNDA:0,SidebarMenuSubButton
DA:15,0
DA:17,0
DA:18,0
DA:19,0
DA:20,0
DA:21,0
DA:22,0
DA:34,0
DA:37,0
DA:38,0
DA:39,0
DA:42,0
DA:58,0
DA:59,0
DA:63,0
DA:64,0
DA:65,0
DA:67,0
DA:68,0
DA:69,0
DA:71,0
DA:75,0
DA:81,0
DA:82,0
DA:86,0
DA:87,0
DA:88,0
DA:89,0
DA:90,0
DA:94,0
DA:95,0
DA:100,0
DA:102,0
DA:103,0
DA:115,0
DA:152,0
DA:154,0
DA:155,0
DA:169,0
DA:170,0
DA:194,0
DA:243,0
DA:245,0
DA:253,0
DA:254,0
DA:265,0
DA:267,0
DA:291,0
DA:305,0
DA:316,0
DA:327,0
DA:338,0
DA:349,0
DA:363,0
DA:378,0
DA:380,0
DA:399,0
DA:401,0
DA:418,0
DA:429,0
DA:440,0
DA:450,0
DA:485,0
DA:486,0
DA:489,0
DA:499,0
DA:500,0
DA:503,0
DA:504,0
DA:509,0
DA:531,0
DA:533,0
DA:555,0
DA:581,0
DA:582,0
DA:585,0
DA:607,0
DA:622,0
DA:643,0
DA:645,0
LF:80
LH:0
BRDA:38,0,0,0
BRDA:38,0,1,0
BRDA:46,1,0,0
BRDA:64,2,0,0
BRDA:64,2,1,0
BRDA:67,3,0,0
BRDA:67,3,1,0
BRDA:68,4,0,0
BRDA:68,4,1,0
BRDA:82,5,0,0
BRDA:82,5,1,0
BRDA:88,6,0,0
BRDA:88,6,1,0
BRDA:88,7,0,0
BRDA:88,7,1,0
BRDA:88,7,2,0
BRDA:100,8,0,0
BRDA:100,8,1,0
BRDA:141,9,0,0
BRDA:142,10,0,0
BRDA:143,11,0,0
BRDA:154,12,0,0
BRDA:154,12,1,0
BRDA:169,13,0,0
BRDA:169,13,1,0
BRDA:198,14,0,0
BRDA:198,14,1,0
BRDA:210,15,0,0
BRDA:210,15,1,0
BRDA:210,16,0,0
BRDA:210,16,1,0
BRDA:219,17,0,0
BRDA:219,17,1,0
BRDA:223,18,0,0
BRDA:223,18,1,0
BRDA:223,19,0,0
BRDA:223,19,1,0
BRDA:375,20,0,0
BRDA:378,21,0,0
BRDA:378,21,1,0
BRDA:396,22,0,0
BRDA:399,23,0,0
BRDA:399,23,1,0
BRDA:473,24,0,0
BRDA:474,25,0,0
BRDA:475,26,0,0
BRDA:476,27,0,0
BRDA:485,28,0,0
BRDA:485,28,1,0
BRDA:499,29,0,0
BRDA:499,29,1,0
BRDA:503,30,0,0
BRDA:503,30,1,0
BRDA:515,31,0,0
BRDA:515,31,1,0
BRDA:524,32,0,0
BRDA:525,33,0,0
BRDA:531,34,0,0
BRDA:531,34,1,0
BRDA:545,35,0,0
BRDA:545,35,1,0
BRDA:575,36,0,0
BRDA:592,37,0,0
BRDA:592,37,1,0
BRDA:633,38,0,0
BRDA:634,39,0,0
BRDA:635,40,0,0
BRDA:643,41,0,0
BRDA:643,41,1,0
BRDA:654,42,0,0
BRDA:654,42,1,0
BRDA:655,43,0,0
BRDA:655,43,1,0
BRF:73
BRH:0
end_of_record
TN:
SF:src\app\components\ui\skeleton.tsx
FN:3,Skeleton
FNF:1
FNH:0
FNDA:0,Skeleton
DA:4,0
LF:1
LH:0
BRF:0
BRH:0
end_of_record
TN:
SF:src\app\components\ui\slider.tsx
FN:8,Slider
FN:17,(anonymous_1)
FN:47,(anonymous_2)
FNF:3
FNH:0
FNDA:0,Slider
FNDA:0,(anonymous_1)
FNDA:0,(anonymous_2)
DA:6,0
DA:16,0
DA:17,0
DA:21,0
DA:48,0
LF:5
LH:0
BRDA:12,0,0,0
BRDA:13,1,0,0
BRDA:17,2,0,0
BRDA:17,2,1,0
BRDA:17,3,0,0
BRDA:17,3,1,0
BRF:6
BRH:0
end_of_record
TN:
SF:src\app\components\ui\sonner.tsx
FN:6,(anonymous_0)
FNF:1
FNH:0
FNDA:0,(anonymous_0)
DA:4,0
DA:6,0
DA:7,0
DA:9,0
LF:4
LH:0
BRDA:7,0,0,0
BRF:1
BRH:0
end_of_record
TN:
SF:src\app\components\ui\switch.tsx
FN:8,Switch
FNF:1
FNH:0
FNDA:0,Switch
DA:6,0
DA:9,0
LF:2
LH:0
BRF:0
BRH:0
end_of_record
TN:
SF:src\app\components\ui\table.tsx
FN:7,Table
FN:19,TableHeader
FN:23,TableBody
FN:33,TableFooter
FN:43,TableRow
FN:56,TableHead
FN:69,TableCell
FN:82,TableCaption
FNF:8
FNH:0
FNDA:0,Table
FNDA:0,TableHeader
FNDA:0,TableBody
FNDA:0,TableFooter
FNDA:0,TableRow
FNDA:0,TableHead
FNDA:0,TableCell
FNDA:0,TableCaption
DA:5,0
DA:8,0
DA:20,0
DA:24,0
DA:34,0
DA:44,0
DA:57,0
DA:70,0
DA:83,0
LF:9
LH:0
BRF:0
BRH:0
end_of_record
TN:
SF:src\app\components\ui\tabs.tsx
FN:8,Tabs
FN:18,TabsList
FN:31,TabsTrigger
FN:44,TabsContent
FNF:4
FNH:0
FNDA:0,Tabs
FNDA:0,TabsList
FNDA:0,TabsTrigger
FNDA:0,TabsContent
DA:6,0
DA:9,0
DA:19,0
DA:32,0
DA:45,0
LF:5
LH:0
BRF:0
BRH:0
end_of_record
TN:
SF:src\app\components\ui\textarea.tsx
FN:5,Textarea
FNF:1
FNH:0
FNDA:0,Textarea
DA:6,0
LF:1
LH:0
BRF:0
BRH:0
end_of_record
TN:
SF:src\app\components\ui\toggle-group.tsx
FN:15,ToggleGroup
FN:40,ToggleGroupItem
FNF:2
FNH:0
FNDA:0,ToggleGroup
FNDA:0,ToggleGroupItem
DA:8,0
DA:10,0
DA:22,0
DA:47,0
DA:49,0
LF:5
LH:0
BRDA:52,0,0,0
BRDA:52,0,1,0
BRDA:53,1,0,0
BRDA:53,1,1,0
BRDA:56,2,0,0
BRDA:56,2,1,0
BRDA:57,3,0,0
BRDA:57,3,1,0
BRF:8
BRH:0
end_of_record
TN:
SF:src\app\components\ui\toggle.tsx
FN:30,Toggle
FNF:1
FNH:0
FNDA:0,Toggle
DA:7,0
DA:9,0
DA:36,0
LF:3
LH:0
BRF:0
BRH:0
end_of_record
TN:
SF:src\app\components\ui\tooltip.tsx
FN:8,TooltipProvider
FN:21,Tooltip
FN:29,TooltipTrigger
FN:33,TooltipContent
FNF:4
FNH:0
FNDA:0,TooltipProvider
FNDA:0,Tooltip
FNDA:0,TooltipTrigger
FNDA:0,TooltipContent
DA:6,0
DA:12,0
DA:22,0
DA:30,0
DA:39,0
LF:5
LH:0
BRDA:9,0,0,0
BRDA:35,1,0,0
BRF:2
BRH:0
end_of_record
TN:
SF:src\app\components\ui\use-mobile.ts
FN:5,useIsMobile
FN:8,(anonymous_1)
FN:10,(anonymous_2)
FN:15,(anonymous_3)
FNF:4
FNH:0
FNDA:0,useIsMobile
FNDA:0,(anonymous_1)
FNDA:0,(anonymous_2)
FNDA:0,(anonymous_3)
DA:3,0
DA:6,0
DA:8,0
DA:9,0
DA:10,0
DA:11,0
DA:13,0
DA:14,0
DA:15,0
DA:18,0
LF:10
LH:0
BRF:0
BRH:0
end_of_record
TN:
SF:src\app\components\ui\utils.ts
FN:4,cn
FNF:1
FNH:0
FNDA:0,cn
DA:5,0
LF:1
LH:0
BRF:0
BRH:0
end_of_record
TN:
SF:src\app\constants\iconSizes.ts
FNF:0
FNH:0
DA:17,0
DA:35,0
DA:40,0
DA:45,0
LF:4
LH:0
BRF:0
BRH:0
end_of_record
TN:
SF:src\app\data\provinceCities.ts
FNF:0
FNH:0
DA:1,0
LF:1
LH:0
BRF:0
BRH:0
end_of_record
TN:
SF:src\app\hooks\useAudioPlayback.ts
FN:5,(anonymous_0)
FN:16,(anonymous_1)
FN:36,(anonymous_2)
FN:41,useAudioPlayback
FN:45,(anonymous_4)
FN:57,(anonymous_5)
FN:107,(anonymous_6)
FN:123,(anonymous_7)
FN:143,(anonymous_8)
FNF:9
FNH:8
FNDA:9,(anonymous_0)
FNDA:1,(anonymous_1)
FNDA:10,(anonymous_2)
FNDA:10,useAudioPlayback
FNDA:11,(anonymous_4)
FNDA:8,(anonymous_5)
FNDA:3,(anonymous_6)
FNDA:0,(anonymous_7)
FNDA:1,(anonymous_8)
DA:5,1
DA:6,9
DA:7,9
DA:8,9
DA:9,9
DA:10,106
DA:12,9
DA:16,1
DA:17,1
DA:18,1
DA:19,1
DA:20,1
DA:21,5
DA:23,1
DA:30,1
DA:31,1
DA:32,1
DA:36,1
DA:37,10
DA:38,10
DA:42,10
DA:45,10
DA:46,11
DA:47,11
DA:48,7
DA:49,7
DA:50,7
DA:52,11
DA:56,10
DA:58,8
DA:61,8
DA:62,1
DA:66,7
DA:67,7
DA:68,1
DA:71,6
DA:72,6
DA:74,6
DA:75,6
DA:76,6
DA:78,5
DA:81,5
DA:82,8
DA:86,8
DA:87,0
DA:90,0
DA:91,5
DA:92,0
DA:95,5
DA:96,5
DA:98,5
DA:99,5
DA:101,5
DA:102,5
DA:103,5
DA:104,5
DA:105,1
DA:106,1
DA:107,1
DA:108,3
DA:109,3
DA:110,3
DA:111,3
DA:112,768
DA:114,3
DA:115,3
DA:116,3
DA:117,3
DA:119,1
DA:122,5
DA:123,5
DA:124,0
DA:125,0
DA:126,0
DA:127,0
DA:131,0
DA:134,5
DA:135,5
DA:137,1
DA:143,10
DA:144,1
DA:147,10
LF:82
LH:74
BRDA:47,0,0,7
BRDA:47,0,1,4
BRDA:47,1,0,11
BRDA:47,1,1,11
BRDA:61,2,0,1
BRDA:61,2,1,7
BRDA:61,3,0,8
BRDA:61,3,1,2
BRDA:67,4,0,1
BRDA:67,4,1,6
BRDA:67,5,0,7
BRDA:67,5,1,1
BRDA:67,5,2,1
BRDA:67,5,3,1
BRDA:72,6,0,0
BRDA:72,6,1,6
BRDA:81,7,0,5
BRDA:81,7,1,0
BRDA:86,8,0,0
BRDA:86,8,1,5
BRDA:91,9,0,0
BRDA:91,9,1,5
BRDA:102,10,0,5
BRDA:102,10,1,0
BRDA:104,11,0,1
BRDA:104,11,1,4
BRDA:108,12,0,0
BRDA:108,12,1,3
BRDA:122,13,0,4
BRDA:122,13,1,1
BRDA:124,14,0,0
BRDA:124,14,1,0
BRF:32
BRH:24
end_of_record
TN:
SF:src\app\hooks\useAudioStreamer.ts
FN:8,useAudioStreamer
FN:44,(anonymous_1)
FN:72,(anonymous_2)
FN:80,(anonymous_3)
FN:81,(anonymous_4)
FN:82,(anonymous_5)
FN:83,(anonymous_6)
FN:84,(anonymous_7)
FN:86,(anonymous_8)
FN:89,(anonymous_9)
FN:176,(anonymous_10)
FN:181,(anonymous_11)
FN:187,(anonymous_12)
FN:200,(anonymous_13)
FN:230,(anonymous_14)
FN:235,(anonymous_15)
FN:241,(anonymous_16)
FN:251,(anonymous_17)
FN:259,(anonymous_18)
FN:278,(anonymous_19)
FN:297,(anonymous_20)
FN:298,(anonymous_21)
FN:300,(anonymous_22)
FN:306,(anonymous_23)
FN:307,(anonymous_24)
FN:309,(anonymous_25)
FN:315,(anonymous_26)
FN:325,(anonymous_27)
FN:356,(anonymous_28)
FN:358,(anonymous_29)
FN:369,(anonymous_30)
FN:396,(anonymous_31)
FN:479,(anonymous_32)
FN:488,(anonymous_33)
FN:503,(anonymous_34)
FN:514,(anonymous_35)
FN:535,(anonymous_36)
FN:566,(anonymous_37)
FNF:38
FNH:26
FNDA:5,useAudioStreamer
FNDA:1,(anonymous_1)
FNDA:0,(anonymous_2)
FNDA:20,(anonymous_3)
FNDA:20,(anonymous_4)
FNDA:20,(anonymous_5)
FNDA:20,(anonymous_6)
FNDA:20,(anonymous_7)
FNDA:20,(anonymous_8)
FNDA:7,(anonymous_9)
FNDA:5,(anonymous_10)
FNDA:5,(anonymous_11)
FNDA:0,(anonymous_12)
FNDA:0,(anonymous_13)
FNDA:5,(anonymous_14)
FNDA:5,(anonymous_15)
FNDA:0,(anonymous_16)
FNDA:0,(anonymous_17)
FNDA:0,(anonymous_18)
FNDA:0,(anonymous_19)
FNDA:20,(anonymous_20)
FNDA:5,(anonymous_21)
FNDA:5,(anonymous_22)
FNDA:20,(anonymous_23)
FNDA:5,(anonymous_24)
FNDA:0,(anonymous_25)
FNDA:1,(anonymous_26)
FNDA:1,(anonymous_27)
FNDA:0,(anonymous_28)
FNDA:0,(anonymous_29)
FNDA:2,(anonymous_30)
FNDA:0,(anonymous_31)
FNDA:0,(anonymous_32)
FNDA:2,(anonymous_33)
FNDA:2,(anonymous_34)
FNDA:2,(anonymous_35)
FNDA:1,(anonymous_36)
FNDA:1,(anonymous_37)
DA:9,5
DA:10,5
DA:11,5
DA:12,5
DA:13,5
DA:14,5
DA:17,5
DA:35,5
DA:41,5
DA:44,5
DA:45,1
DA:46,1
DA:47,1
DA:48,1
DA:49,1
DA:50,1
DA:51,1
DA:54,0
DA:57,1
DA:68,5
DA:71,5
DA:73,0
DA:80,20
DA:81,20
DA:82,20
DA:83,20
DA:84,20
DA:86,20
DA:88,5
DA:90,7
DA:91,7
DA:93,2
DA:94,2
DA:95,2
DA:97,2
DA:98,2
DA:99,2
DA:100,2
DA:102,2
DA:103,2
DA:105,2
DA:106,2
DA:107,2
DA:108,2
DA:109,2
DA:111,0
DA:112,0
DA:113,0
DA:114,0
DA:116,0
DA:117,0
DA:119,0
DA:120,0
DA:121,0
DA:122,0
DA:123,0
DA:125,0
DA:126,0
DA:127,0
DA:128,0
DA:130,0
DA:131,0
DA:133,0
DA:134,0
DA:135,0
DA:136,0
DA:137,0
DA:139,0
DA:140,0
DA:141,0
DA:142,0
DA:144,0
DA:145,0
DA:146,0
DA:147,0
DA:149,0
DA:150,0
DA:151,0
DA:152,0
DA:153,0
DA:155,0
DA:156,0
DA:157,0
DA:158,0
DA:160,0
DA:161,0
DA:162,0
DA:163,0
DA:165,0
DA:166,0
DA:167,0
DA:168,0
DA:169,0
DA:176,5
DA:177,5
DA:181,5
DA:182,5
DA:183,0
DA:184,0
DA:187,5
DA:188,0
DA:189,0
DA:190,0
DA:191,0
DA:194,0
DA:195,0
DA:197,0
DA:198,0
DA:199,0
DA:200,0
DA:201,0
DA:202,0
DA:203,0
DA:204,0
DA:205,0
DA:206,0
DA:207,0
DA:211,0
DA:212,0
DA:213,0
DA:214,0
DA:219,0
DA:223,0
DA:224,0
DA:225,0
DA:226,0
DA:230,5
DA:231,5
DA:235,5
DA:236,5
DA:237,0
DA:238,0
DA:241,5
DA:244,5
DA:245,0
DA:246,0
DA:251,5
DA:252,0
DA:254,0
DA:256,0
DA:257,0
DA:258,0
DA:260,0
DA:261,0
DA:262,0
DA:264,0
DA:269,0
DA:270,0
DA:271,0
DA:279,0
DA:297,20
DA:298,5
DA:299,5
DA:300,5
DA:301,5
DA:306,20
DA:307,5
DA:308,5
DA:309,5
DA:310,0
DA:315,5
DA:316,1
DA:317,1
DA:319,1
DA:320,1
DA:321,1
DA:324,1
DA:325,1
DA:326,1
DA:328,1
DA:331,1
DA:332,1
DA:333,1
DA:334,1
DA:336,1
DA:337,0
DA:338,0
DA:340,1
DA:341,0
DA:342,0
DA:344,1
DA:345,1
DA:346,1
DA:350,1
DA:351,1
DA:352,1
DA:353,1
DA:354,1
DA:355,0
DA:356,0
DA:357,0
DA:358,0
DA:359,0
DA:368,5
DA:370,2
DA:371,2
DA:373,2
DA:374,2
DA:375,2
DA:378,2
DA:391,2
DA:395,2
DA:396,0
DA:397,0
DA:400,2
DA:403,2
DA:404,2
DA:406,2
DA:407,2
DA:408,2
DA:409,2
DA:411,2
DA:412,0
DA:414,0
DA:417,0
DA:418,0
DA:419,0
DA:420,0
DA:422,0
DA:423,0
DA:424,0
DA:425,0
DA:428,0
DA:438,0
DA:439,0
DA:451,2
DA:452,2
DA:453,2
DA:455,2
DA:456,2
DA:457,2
DA:458,2
DA:460,2
DA:470,2
DA:473,2
DA:476,2
DA:477,2
DA:478,0
DA:479,0
DA:480,0
DA:481,0
DA:485,2
DA:488,2
DA:489,2
DA:497,2
DA:498,2
DA:500,0
DA:503,2
DA:504,2
DA:506,2
DA:507,2
DA:508,2
DA:509,2
DA:510,2
DA:511,2
DA:512,2
DA:514,2
DA:515,2
DA:516,2
DA:517,2
DA:518,2
DA:519,2
DA:521,0
DA:529,2
DA:531,0
DA:535,2
DA:536,1
DA:537,1
DA:538,1
DA:539,1
DA:546,2
DA:547,2
DA:549,0
DA:550,0
DA:551,0
DA:552,0
DA:565,5
DA:567,1
DA:572,5
LF:279
LH:148
BRDA:45,0,0,1
BRDA:45,0,1,0
BRDA:48,1,0,1
BRDA:48,1,1,0
BRDA:80,2,0,5
BRDA:80,2,1,0
BRDA:91,3,0,5
BRDA:91,3,1,2
BRDA:91,4,0,7
BRDA:91,4,1,5
BRDA:91,4,2,5
BRDA:94,5,0,0
BRDA:94,5,1,2
BRDA:97,6,0,2
BRDA:97,6,1,0
BRDA:98,7,0,2
BRDA:98,7,1,0
BRDA:102,8,0,2
BRDA:102,8,1,0
BRDA:105,9,0,2
BRDA:105,9,1,0
BRDA:111,10,0,0
BRDA:111,10,1,0
BRDA:112,11,0,0
BRDA:112,11,1,0
BRDA:116,12,0,0
BRDA:116,12,1,0
BRDA:119,13,0,0
BRDA:119,13,1,0
BRDA:125,14,0,0
BRDA:125,14,1,0
BRDA:126,15,0,0
BRDA:126,15,1,0
BRDA:130,16,0,0
BRDA:130,16,1,0
BRDA:133,17,0,0
BRDA:133,17,1,0
BRDA:139,18,0,0
BRDA:139,18,1,0
BRDA:140,19,0,0
BRDA:140,19,1,0
BRDA:144,20,0,0
BRDA:144,20,1,0
BRDA:149,21,0,0
BRDA:149,21,1,0
BRDA:155,22,0,0
BRDA:155,22,1,0
BRDA:156,23,0,0
BRDA:156,23,1,0
BRDA:160,24,0,0
BRDA:160,24,1,0
BRDA:165,25,0,0
BRDA:165,25,1,0
BRDA:182,26,0,0
BRDA:182,26,1,5
BRDA:189,27,0,0
BRDA:189,27,1,0
BRDA:201,28,0,0
BRDA:201,28,1,0
BRDA:201,29,0,0
BRDA:201,29,1,0
BRDA:202,30,0,0
BRDA:202,30,1,0
BRDA:203,31,0,0
BRDA:203,31,1,0
BRDA:204,32,0,0
BRDA:204,32,1,0
BRDA:206,33,0,0
BRDA:206,33,1,0
BRDA:211,34,0,0
BRDA:211,34,1,0
BRDA:211,35,0,0
BRDA:211,35,1,0
BRDA:212,36,0,0
BRDA:212,36,1,0
BRDA:213,37,0,0
BRDA:213,37,1,0
BRDA:223,38,0,0
BRDA:223,38,1,0
BRDA:225,39,0,0
BRDA:225,39,1,0
BRDA:236,40,0,0
BRDA:236,40,1,5
BRDA:236,41,0,5
BRDA:236,41,1,5
BRDA:236,41,2,5
BRDA:245,42,0,0
BRDA:245,42,1,0
BRDA:252,43,0,0
BRDA:252,43,1,0
BRDA:254,44,0,0
BRDA:254,44,1,0
BRDA:256,45,0,0
BRDA:256,45,1,0
BRDA:262,46,0,0
BRDA:262,46,1,0
BRDA:262,47,0,0
BRDA:262,47,1,0
BRDA:319,48,0,1
BRDA:319,48,1,0
BRDA:324,49,0,1
BRDA:324,49,1,0
BRDA:332,50,0,1
BRDA:332,50,1,0
BRDA:336,51,0,0
BRDA:336,51,1,1
BRDA:340,52,0,0
BRDA:340,52,1,1
BRDA:344,53,0,1
BRDA:344,53,1,0
BRDA:351,54,0,1
BRDA:351,54,1,0
BRDA:353,55,0,1
BRDA:353,55,1,0
BRDA:357,56,0,0
BRDA:357,56,1,0
BRDA:370,57,0,0
BRDA:370,57,1,2
BRDA:378,58,0,0
BRDA:378,58,1,2
BRDA:395,59,0,0
BRDA:395,59,1,2
BRDA:407,60,0,2
BRDA:407,60,1,0
BRDA:411,61,0,0
BRDA:411,61,1,2
BRDA:412,62,0,0
BRDA:412,62,1,0
BRDA:476,63,0,2
BRDA:476,63,1,0
BRDA:480,64,0,0
BRDA:480,64,1,0
BRDA:498,65,0,2
BRDA:498,65,1,0
BRDA:498,66,0,2
BRDA:498,66,1,2
BRDA:504,67,0,0
BRDA:504,67,1,2
BRDA:504,68,0,2
BRDA:504,68,1,2
BRDA:509,69,0,0
BRDA:509,69,1,2
BRDA:510,70,0,2
BRDA:510,70,1,0
BRDA:515,71,0,2
BRDA:515,71,1,0
BRDA:515,72,0,2
BRDA:515,72,1,2
BRDA:537,73,0,1
BRDA:537,73,1,0
BRDA:537,74,0,1
BRDA:537,74,1,1
BRF:152
BRH:46
end_of_record
TN:
SF:src\app\hooks\usePttTransmit.ts
FN:11,(anonymous_0)
FN:76,(anonymous_1)
FN:102,(anonymous_2)
FN:115,(anonymous_3)
FN:165,(anonymous_4)
FN:196,usePttTransmit
FN:204,(anonymous_6)
FN:205,(anonymous_7)
FN:206,(anonymous_8)
FN:207,(anonymous_9)
FN:208,(anonymous_10)
FN:210,(anonymous_11)
FN:214,(anonymous_12)
FN:225,(anonymous_13)
FN:240,(anonymous_14)
FN:266,(anonymous_15)
FN:280,(anonymous_16)
FN:281,(anonymous_17)
FN:297,(anonymous_18)
FN:325,(anonymous_19)
FNF:20
FNH:0
FNDA:0,(anonymous_0)
FNDA:0,(anonymous_1)
FNDA:0,(anonymous_2)
FNDA:0,(anonymous_3)
FNDA:0,(anonymous_4)
FNDA:0,usePttTransmit
FNDA:0,(anonymous_6)
FNDA:0,(anonymous_7)
FNDA:0,(anonymous_8)
FNDA:0,(anonymous_9)
FNDA:0,(anonymous_10)
FNDA:0,(anonymous_11)
FNDA:0,(anonymous_12)
FNDA:0,(anonymous_13)
FNDA:0,(anonymous_14)
FNDA:0,(anonymous_15)
FNDA:0,(anonymous_16)
FNDA:0,(anonymous_17)
FNDA:0,(anonymous_18)
FNDA:0,(anonymous_19)
DA:11,0
DA:18,0
DA:19,0
DA:20,0
DA:23,0
DA:24,0
DA:25,0
DA:26,0
DA:27,0
DA:28,0
DA:29,0
DA:30,0
DA:31,0
DA:34,0
DA:35,0
DA:38,0
DA:39,0
DA:40,0
DA:41,0
DA:43,0
DA:44,0
DA:45,0
DA:46,0
DA:49,0
DA:50,0
DA:51,0
DA:52,0
DA:53,0
DA:56,0
DA:57,0
DA:58,0
DA:59,0
DA:60,0
DA:62,0
DA:63,0
DA:64,0
DA:65,0
DA:66,0
DA:68,0
DA:69,0
DA:76,0
DA:77,0
DA:78,0
DA:80,0
DA:81,0
DA:83,0
DA:84,0
DA:86,0
DA:87,0
DA:88,0
DA:89,0
DA:91,0
DA:92,0
DA:94,0
DA:95,0
DA:102,0
DA:103,0
DA:106,0
DA:109,0
DA:115,0
DA:116,0
DA:117,0
DA:119,0
DA:120,0
DA:121,0
DA:122,0
DA:123,0
DA:125,0
[...]
DA:461,0
DA:484,0
DA:485,0
DA:520,0
DA:521,0
DA:522,0
DA:554,0
DA:555,0
DA:569,0
DA:581,0
DA:582,0
DA:605,0
DA:606,0
DA:620,0
DA:632,0
DA:633,0
DA:656,0
DA:657,0
DA:671,0
DA:683,0
DA:684,0
DA:711,0
DA:712,0
DA:735,0
DA:741,0
DA:742,0
LF:148
LH:0
BRDA:92,0,0,0
BRDA:92,0,1,0
BRDA:106,1,0,0
BRDA:106,1,1,0
BRDA:114,2,0,0
BRDA:114,2,1,0
BRDA:116,3,0,0
BRDA:116,3,1,0
BRDA:118,4,0,0
BRDA:118,4,1,0
BRDA:126,5,0,0
BRDA:126,5,1,0
BRDA:166,6,0,0
BRDA:166,6,1,0
BRDA:167,7,0,0
BRDA:167,7,1,0
BRDA:173,8,0,0
BRDA:173,8,1,0
BRDA:177,9,0,0
BRDA:177,9,1,0
BRDA:184,10,0,0
BRDA:184,10,1,0
BRDA:184,11,0,0
BRDA:184,11,1,0
BRDA:194,12,0,0
BRDA:194,12,1,0
BRDA:215,13,0,0
BRDA:215,13,1,0
BRDA:221,14,0,0
BRDA:221,14,1,0
BRDA:246,15,0,0
BRDA:246,15,1,0
BRDA:253,16,0,0
BRDA:253,16,1,0
BRDA:256,17,0,0
BRDA:256,17,1,0
BRDA:262,18,0,0
BRDA:262,18,1,0
BRDA:262,18,2,0
BRDA:262,18,3,0
BRDA:262,18,4,0
BRDA:262,18,5,0
BRDA:286,19,0,0
BRDA:286,19,1,0
BRDA:292,20,0,0
BRDA:292,20,1,0
BRDA:298,21,0,0
BRDA:298,21,1,0
BRDA:309,22,0,0
BRDA:309,22,1,0
BRDA:321,23,0,0
BRDA:321,23,1,0
BRDA:327,24,0,0
BRDA:327,24,1,0
BRDA:338,25,0,0
BRDA:338,25,1,0
BRDA:359,26,0,0
BRDA:359,26,1,0
BRDA:359,26,2,0
BRDA:362,27,0,0
BRDA:362,27,1,0
BRDA:372,28,0,0
BRDA:372,28,1,0
BRDA:373,29,0,0
BRDA:373,29,1,0
BRDA:380,30,0,0
BRDA:380,30,1,0
BRDA:382,31,0,0
BRDA:382,31,1,0
BRDA:391,32,0,0
BRDA:391,32,1,0
BRDA:416,33,0,0
BRDA:416,33,1,0
BRDA:425,34,0,0
BRDA:425,34,1,0
BRDA:441,35,0,0
BRDA:441,35,1,0
BRDA:454,36,0,0
BRDA:454,36,1,0
BRDA:473,37,0,0
BRDA:473,37,1,0
BRDA:473,37,2,0
BRDA:496,38,0,0
BRDA:496,38,1,0
BRDA:501,39,0,0
BRDA:501,39,1,0
BRDA:509,40,0,0
BRDA:509,40,1,0
BRDA:528,41,0,0
BRDA:528,41,1,0
BRDA:531,42,0,0
BRDA:531,42,1,0
BRDA:534,43,0,0
BRDA:534,43,1,0
BRDA:545,44,0,0
BRDA:545,44,1,0
BRDA:550,45,0,0
BRDA:550,45,1,0
BRDA:592,46,0,0
BRDA:592,46,1,0
BRDA:601,47,0,0
BRDA:601,47,1,0
BRDA:643,48,0,0
BRDA:643,48,1,0
BRDA:652,49,0,0
BRDA:652,49,1,0
BRDA:694,50,0,0
BRDA:694,50,1,0
BRDA:722,51,0,0
BRDA:722,51,1,0
BRF:110
BRH:0
end_of_record
TN:
SF:src\features\moderation\ChannelSettingsPanel.tsx
FN:13,ChannelSettingsPanel
FN:18,(anonymous_1)
FN:45,(anonymous_2)
FN:51,(anonymous_3)
FN:60,(anonymous_4)
FN:66,(anonymous_5)
FN:124,(anonymous_6)
FN:129,(anonymous_7)
FN:160,(anonymous_8)
FN:179,(anonymous_9)
FN:182,(anonymous_10)
FN:208,(anonymous_11)
FN:211,(anonymous_12)
FN:239,(anonymous_13)
FN:242,(anonymous_14)
FN:276,(anonymous_15)
FN:294,(anonymous_16)
FN:313,(anonymous_17)
FN:316,(anonymous_18)
FN:348,(anonymous_19)
FN:364,(anonymous_20)
FN:380,(anonymous_21)
FN:398,(anonymous_22)
FN:418,(anonymous_23)
FN:421,(anonymous_24)
FNF:25
FNH:0
FNDA:0,ChannelSettingsPanel
FNDA:0,(anonymous_1)
FNDA:0,(anonymous_2)
FNDA:0,(anonymous_3)
FNDA:0,(anonymous_4)
FNDA:0,(anonymous_5)
FNDA:0,(anonymous_6)
FNDA:0,(anonymous_7)
FNDA:0,(anonymous_8)
FNDA:0,(anonymous_9)
FNDA:0,(anonymous_10)
FNDA:0,(anonymous_11)
FNDA:0,(anonymous_12)
FNDA:0,(anonymous_13)
FNDA:0,(anonymous_14)
FNDA:0,(anonymous_15)
FNDA:0,(anonymous_16)
FNDA:0,(anonymous_17)
FNDA:0,(anonymous_18)
FNDA:0,(anonymous_19)
FNDA:0,(anonymous_20)
FNDA:0,(anonymous_21)
FNDA:0,(anonymous_22)
FNDA:0,(anonymous_23)
FNDA:0,(anonymous_24)
DA:14,0
DA:15,0
DA:16,0
DA:18,0
DA:19,0
DA:20,0
DA:25,0
DA:26,0
DA:28,0
DA:29,0
DA:37,0
DA:38,0
DA:45,0
DA:46,0
DA:47,0
DA:48,0
DA:49,0
DA:50,0
DA:51,0
DA:53,0
DA:54,0
DA:55,0
DA:56,0
DA:60,0
DA:61,0
DA:62,0
DA:63,0
DA:64,0
DA:65,0
DA:66,0
DA:68,0
DA:69,0
DA:70,0
DA:71,0
DA:75,0
DA:85,0
DA:124,0
DA:129,0
DA:160,0
DA:180,0
DA:182,0
DA:209,0
DA:211,0
DA:240,0
DA:242,0
DA:276,0
DA:294,0
DA:314,0
DA:316,0
DA:348,0
DA:364,0
DA:380,0
DA:398,0
DA:419,0
DA:421,0
LF:55
LH:0
BRDA:19,0,0,0
BRDA:19,0,1,0
BRDA:20,1,0,0
BRDA:20,1,1,0
BRDA:28,2,0,0
BRDA:28,2,1,0
BRDA:37,3,0,0
BRDA:37,3,1,0
BRDA:46,4,0,0
BRDA:46,4,1,0
BRDA:55,5,0,0
BRDA:55,5,1,0
BRDA:61,6,0,0
BRDA:61,6,1,0
BRDA:70,7,0,0
BRDA:70,7,1,0
BRDA:93,8,0,0
BRDA:93,8,1,0
BRDA:96,9,0,0
BRDA:96,9,1,0
BRDA:101,10,0,0
BRDA:101,10,1,0
BRDA:131,11,0,0
BRDA:131,11,1,0
BRDA:131,12,0,0
BRDA:131,12,1,0
BRDA:185,13,0,0
BRDA:185,13,1,0
BRDA:214,14,0,0
BRDA:214,14,1,0
BRDA:245,15,0,0
BRDA:245,15,1,0
BRDA:293,16,0,0
BRDA:293,16,1,0
BRDA:317,17,0,0
BRDA:317,17,1,0
BRDA:319,18,0,0
BRDA:319,18,1,0
BRDA:363,19,0,0
BRDA:363,19,1,0
BRDA:397,20,0,0
BRDA:397,20,1,0
BRDA:405,21,0,0
BRDA:405,21,1,0
BRDA:423,22,0,0
BRDA:423,22,1,0
BRF:46
BRH:0
end_of_record
TN:
SF:src\features\moderation\ModerationLogPanel.tsx
FN:21,ModerationLogPanel
FN:25,loadLogs
FN:49,(anonymous_2)
FN:53,(anonymous_3)
FN:65,(anonymous_4)
FN:66,(anonymous_5)
FN:72,(anonymous_6)
FN:75,(anonymous_7)
FN:81,(anonymous_8)
FN:96,(anonymous_9)
FN:113,(anonymous_10)
FN:173,(anonymous_11)
FNF:12
FNH:0
FNDA:0,ModerationLogPanel
FNDA:0,loadLogs
FNDA:0,(anonymous_2)
FNDA:0,(anonymous_3)
FNDA:0,(anonymous_4)
FNDA:0,(anonymous_5)
FNDA:0,(anonymous_6)
FNDA:0,(anonymous_7)
FNDA:0,(anonymous_8)
FNDA:0,(anonymous_9)
FNDA:0,(anonymous_10)
FNDA:0,(anonymous_11)
DA:22,0
DA:23,0
DA:26,0
DA:27,0
DA:28,0
DA:29,0
DA:30,0
DA:37,0
DA:38,0
DA:39,0
DA:40,0
DA:43,0
DA:45,0
DA:49,0
DA:50,0
DA:52,0
DA:53,0
DA:54,0
DA:55,0
DA:66,0
DA:72,0
DA:73,0
DA:75,0
DA:81,0
DA:82,0
DA:84,0
DA:86,0
DA:88,0
DA:90,0
DA:92,0
DA:96,0
DA:97,0
DA:99,0
DA:101,0
DA:103,0
DA:105,0
DA:107,0
DA:109,0
DA:113,0
DA:114,0
DA:115,0
DA:117,0
DA:119,0
DA:121,0
DA:123,0
DA:125,0
DA:127,0
DA:129,0
DA:131,0
DA:133,0
DA:135,0
DA:137,0
DA:139,0
DA:143,0
DA:174,0
LF:55
LH:0
BRDA:26,0,0,0
BRDA:26,0,1,0
BRDA:37,1,0,0
BRDA:37,1,1,0
BRDA:39,2,0,0
BRDA:39,2,1,0
BRDA:73,3,0,0
BRDA:73,3,1,0
BRDA:82,4,0,0
BRDA:82,4,1,0
BRDA:82,4,2,0
BRDA:82,4,3,0
BRDA:82,4,4,0
BRDA:97,5,0,0
BRDA:97,5,1,0
BRDA:97,5,2,0
BRDA:97,5,3,0
BRDA:97,5,4,0
BRDA:97,5,5,0
BRDA:114,6,0,0
BRDA:114,6,1,0
BRDA:115,7,0,0
BRDA:115,7,1,0
BRDA:117,8,0,0
BRDA:117,8,1,0
BRDA:117,8,2,0
BRDA:117,8,3,0
BRDA:117,8,4,0
BRDA:117,8,5,0
BRDA:117,8,6,0
BRDA:117,8,7,0
BRDA:117,8,8,0
BRDA:117,8,9,0
BRDA:117,8,10,0
BRDA:119,9,0,0
BRDA:119,9,1,0
BRDA:119,10,0,0
BRDA:119,10,1,0
BRDA:121,11,0,0
BRDA:121,11,1,0
BRDA:125,12,0,0
BRDA:125,12,1,0
BRDA:129,13,0,0
BRDA:129,13,1,0
BRDA:135,14,0,0
BRDA:135,14,1,0
BRDA:157,15,0,0
BRDA:157,15,1,0
BRDA:163,16,0,0
BRDA:163,16,1,0
BRDA:163,17,0,0
BRDA:163,17,1,0
BRDA:168,18,0,0
BRDA:168,18,1,0
BRF:54
BRH:0
end_of_record
TN:
SF:src\features\moderation\PrivateChannelPanel.tsx
FN:13,PrivateChannelPanel
FN:49,(anonymous_1)
FN:72,(anonymous_2)
FN:78,(anonymous_3)
FN:103,(anonymous_4)
FN:121,(anonymous_5)
FN:123,(anonymous_6)
FN:255,(anonymous_7)
FN:277,(anonymous_8)
FN:319,(anonymous_9)
FN:327,(anonymous_10)
FNF:11
FNH:0
FNDA:0,PrivateChannelPanel
FNDA:0,(anonymous_1)
FNDA:0,(anonymous_2)
FNDA:0,(anonymous_3)
FNDA:0,(anonymous_4)
FNDA:0,(anonymous_5)
FNDA:0,(anonymous_6)
FNDA:0,(anonymous_7)
FNDA:0,(anonymous_8)
FNDA:0,(anonymous_9)
FNDA:0,(anonymous_10)
DA:14,0
DA:15,0
DA:17,0
DA:18,0
DA:19,0
DA:22,0
DA:23,0
DA:25,0
DA:27,0
DA:28,0
DA:29,0
DA:32,0
DA:36,0
DA:40,0
DA:46,0
DA:49,0
DA:50,0
DA:51,0
DA:52,0
DA:53,0
DA:60,0
DA:61,0
DA:63,0
DA:66,0
DA:68,0
DA:72,0
DA:73,0
DA:78,0
DA:79,0
DA:80,0
DA:81,0
DA:84,0
DA:90,0
DA:92,0
DA:93,0
DA:95,0
DA:96,0
DA:98,0
DA:103,0
DA:104,0
DA:105,0
DA:108,0
DA:109,0
DA:110,0
DA:111,0
DA:112,0
DA:113,0
DA:115,0
DA:116,0
DA:121,0
DA:123,0
DA:124,0
DA:125,0
DA:126,0
DA:127,0
DA:130,0
DA:134,0
DA:256,0
DA:277,0
DA:319,0
DA:328,0
DA:329,0
LF:62
LH:0
BRDA:28,0,0,0
BRDA:28,0,1,0
BRDA:28,0,2,0
BRDA:32,1,0,0
BRDA:32,1,1,0
BRDA:32,1,2,0
BRDA:32,1,3,0
BRDA:36,2,0,0
BRDA:36,2,1,0
BRDA:36,2,2,0
BRDA:36,2,3,0
BRDA:40,3,0,0
BRDA:40,3,1,0
BRDA:40,3,2,0
BRDA:40,3,3,0
BRDA:40,3,4,0
BRDA:40,3,5,0
BRDA:46,4,0,0
BRDA:46,4,1,0
BRDA:60,5,0,0
BRDA:60,5,1,0
BRDA:60,6,0,0
BRDA:60,6,1,0
BRDA:90,7,0,0
BRDA:90,7,1,0
BRDA:105,8,0,0
BRDA:105,8,1,0
BRDA:108,9,0,0
BRDA:108,9,1,0
BRDA:108,10,0,0
BRDA:108,10,1,0
BRDA:124,11,0,0
BRDA:124,11,1,0
BRDA:195,12,0,0
BRDA:195,12,1,0
BRDA:199,13,0,0
BRDA:199,13,1,0
BRDA:210,14,0,0
BRDA:210,14,1,0
BRDA:222,15,0,0
BRDA:222,15,1,0
BRDA:222,15,2,0
BRDA:269,16,0,0
BRDA:269,16,1,0
BRDA:279,17,0,0
BRDA:279,17,1,0
BRDA:284,18,0,0
BRDA:284,18,1,0
BRDA:301,19,0,0
BRDA:301,19,1,0
BRF:50
BRH:0
end_of_record
TN:
SF:src\features\moderation\permissions.ts
FN:28,getGlobalRole
FN:60,isHigherRole
FN:71,canModerateRole
FN:81,canPerformAction
FN:135,canUsePTT
FN:155,canUseChat
FN:175,canUseReaction
FNF:7
FNH:6
FNDA:0,getGlobalRole
FNDA:10,isHigherRole
FNDA:25,canModerateRole
FNDA:60,canPerformAction
FNDA:12,canUsePTT
FNDA:12,canUseChat
FNDA:9,canUseReaction
DA:31,0
DA:48,6
DA:61,10
DA:72,25
DA:73,20
DA:74,15
DA:75,10
DA:82,60
DA:129,60
DA:140,12
DA:142,12
DA:143,10
DA:144,8
DA:145,6
DA:147,4
DA:149,3
DA:160,12
DA:162,12
DA:163,10
DA:164,8
DA:165,6
DA:167,4
DA:169,3
DA:180,9
DA:182,9
DA:183,7
DA:184,5
DA:186,3
DA:188,2
LF:29
LH:28
BRDA:72,0,0,5
BRDA:72,0,1,20
BRDA:73,1,0,5
BRDA:73,1,1,15
BRDA:73,2,0,5
BRDA:73,2,1,4
BRDA:74,3,0,5
BRDA:74,3,1,10
BRDA:74,4,0,5
BRDA:74,4,1,4
BRDA:129,5,0,60
BRDA:129,5,1,23
BRDA:142,6,0,2
BRDA:142,6,1,10
BRDA:143,7,0,2
BRDA:143,7,1,8
BRDA:144,8,0,2
BRDA:144,8,1,6
BRDA:145,9,0,2
BRDA:145,9,1,4
BRDA:147,10,0,1
BRDA:147,10,1,3
BRDA:147,11,0,4
BRDA:147,11,1,2
BRDA:162,12,0,2
BRDA:162,12,1,10
BRDA:163,13,0,2
BRDA:163,13,1,8
BRDA:164,14,0,2
BRDA:164,14,1,6
BRDA:165,15,0,2
BRDA:165,15,1,4
BRDA:167,16,0,1
BRDA:167,16,1,3
BRDA:167,17,0,4
BRDA:167,17,1,2
BRDA:182,18,0,2
BRDA:182,18,1,7
BRDA:183,19,0,2
BRDA:183,19,1,5
BRDA:184,20,0,2
BRDA:184,20,1,3
BRDA:186,21,0,1
BRDA:186,21,1,2
BRDA:186,22,0,3
BRDA:186,22,1,2
BRF:46
BRH:46
end_of_record
TN:
SF:src\features\moderation\useChannelRole.ts
FN:6,useChannelRole
FN:14,(anonymous_1)
FN:22,(anonymous_2)
FN:29,(anonymous_3)
FN:41,(anonymous_4)
FN:57,loadAndSubscribe
FN:121,(anonymous_6)
FN:187,(anonymous_7)
FN:191,(anonymous_8)
FNF:9
FNH:0
FNDA:0,useChannelRole
FNDA:0,(anonymous_1)
FNDA:0,(anonymous_2)
FNDA:0,(anonymous_3)
FNDA:0,(anonymous_4)
FNDA:0,loadAndSubscribe
FNDA:0,(anonymous_6)
FNDA:0,(anonymous_7)
FNDA:0,(anonymous_8)
DA:8,0
DA:10,0
DA:14,0
DA:15,0
DA:16,0
DA:17,0
DA:20,0
DA:22,0
DA:23,0
DA:24,0
DA:25,0
DA:27,0
DA:29,0
DA:30,0
DA:31,0
DA:32,0
DA:33,0
DA:34,0
DA:37,0
DA:38,0
DA:41,0
DA:42,0
DA:43,0
DA:46,0
DA:47,0
DA:48,0
DA:49,0
DA:50,0
DA:52,0
DA:55,0
DA:58,0
DA:59,0
DA:60,0
DA:62,0
DA:65,0
DA:72,0
DA:74,0
DA:75,0
DA:78,0
DA:81,0
DA:84,0
DA:86,0
DA:87,0
DA:88,0
DA:89,0
DA:90,0
DA:91,0
DA:92,0
DA:93,0
DA:94,0
DA:96,0
DA:99,0
DA:100,0
DA:101,0
DA:102,0
DA:103,0
DA:105,0
DA:108,0
DA:111,0
DA:122,0
DA:127,0
DA:129,0
DA:130,0
DA:131,0
DA:132,0
DA:133,0
DA:134,0
DA:135,0
DA:136,0
DA:137,0
DA:139,0
DA:144,0
DA:145,0
DA:146,0
DA:147,0
DA:148,0
DA:149,0
DA:151,0
DA:153,0
DA:154,0
DA:158,0
DA:164,0
DA:165,0
DA:166,0
DA:167,0
DA:168,0
DA:169,0
DA:170,0
DA:171,0
DA:178,0
DA:179,0
DA:180,0
DA:185,0
DA:187,0
DA:188,0
DA:189,0
DA:190,0
DA:191,0
DA:193,0
DA:199,0
LF:100
LH:0
BRDA:8,0,0,0
BRDA:8,0,1,0
BRDA:8,1,0,0
BRDA:8,1,1,0
BRDA:10,2,0,0
BRDA:10,2,1,0
BRDA:10,2,2,0
BRDA:15,3,0,0
BRDA:15,3,1,0
BRDA:16,4,0,0
BRDA:16,4,1,0
BRDA:16,5,0,0
BRDA:16,5,1,0
BRDA:20,6,0,0
BRDA:20,6,1,0
BRDA:23,7,0,0
BRDA:23,7,1,0
BRDA:23,8,0,0
BRDA:23,8,1,0
BRDA:25,9,0,0
BRDA:25,9,1,0
BRDA:30,10,0,0
BRDA:30,10,1,0
BRDA:30,11,0,0
BRDA:30,11,1,0
BRDA:31,12,0,0
BRDA:31,12,1,0
BRDA:42,13,0,0
BRDA:42,13,1,0
BRDA:47,14,0,0
BRDA:47,14,1,0
BRDA:49,15,0,0
BRDA:49,15,1,0
BRDA:52,16,0,0
BRDA:52,16,1,0
BRDA:62,17,0,0
BRDA:62,17,1,0
BRDA:74,18,0,0
BRDA:74,18,1,0
BRDA:78,19,0,0
BRDA:78,19,1,0
BRDA:86,20,0,0
BRDA:86,20,1,0
BRDA:89,21,0,0
BRDA:89,21,1,0
BRDA:91,22,0,0
BRDA:91,22,1,0
BRDA:99,23,0,0
BRDA:99,23,1,0
BRDA:101,24,0,0
BRDA:101,24,1,0
BRDA:129,25,0,0
BRDA:129,25,1,0
BRDA:129,26,0,0
BRDA:129,26,1,0
BRDA:130,27,0,0
BRDA:130,27,1,0
BRDA:131,28,0,0
BRDA:131,28,1,0
BRDA:131,29,0,0
BRDA:131,29,1,0
BRDA:132,30,0,0
BRDA:132,30,1,0
BRDA:139,31,0,0
BRDA:139,31,1,0
BRDA:140,32,0,0
BRDA:140,32,1,0
BRDA:140,32,2,0
BRDA:144,33,0,0
BRDA:144,33,1,0
BRDA:145,34,0,0
BRDA:145,34,1,0
BRDA:148,35,0,0
BRDA:148,35,1,0
BRDA:164,36,0,0
BRDA:164,36,1,0
BRDA:165,37,0,0
BRDA:165,37,1,0
BRDA:165,38,0,0
BRDA:165,38,1,0
BRDA:166,39,0,0
BRDA:166,39,1,0
BRDA:179,40,0,0
BRDA:179,40,1,0
BRDA:190,41,0,0
BRDA:190,41,1,0
BRF:86
BRH:0
end_of_record
TN:
SF:src\features\moderation\useChannelSettings.ts
FN:29,useChannelSettings
FN:33,(anonymous_1)
FN:43,loadAndSubscribe
FN:128,(anonymous_3)
FN:147,(anonymous_4)
FN:150,(anonymous_5)
FN:158,updateSettings
FNF:7
FNH:0
FNDA:0,useChannelSettings
FNDA:0,(anonymous_1)
FNDA:0,loadAndSubscribe
FNDA:0,(anonymous_3)
FNDA:0,(anonymous_4)
FNDA:0,(anonymous_5)
FNDA:0,updateSettings
DA:30,0
DA:31,0
DA:33,0
DA:34,0
DA:35,0
DA:36,0
DA:37,0
DA:40,0
DA:41,0
DA:44,0
DA:45,0
DA:46,0
DA:48,0
DA:51,0
DA:57,0
DA:58,0
DA:61,0
DA:63,0
DA:64,0
DA:65,0
DA:68,0
DA:89,0
DA:91,0
DA:102,0
DA:103,0
DA:109,0
DA:111,0
DA:112,0
DA:113,0
DA:118,0
DA:129,0
DA:130,0
DA:131,0
DA:132,0
DA:138,0
DA:139,0
DA:140,0
DA:145,0
DA:147,0
DA:148,0
DA:149,0
DA:150,0
DA:152,0
DA:159,0
DA:160,0
DA:161,0
DA:163,0
DA:166,0
DA:168,0
DA:169,0
DA:183,0
DA:184,0
DA:188,0
DA:191,0
DA:201,0
LF:55
LH:0
BRDA:29,0,0,0
BRDA:34,1,0,0
BRDA:34,1,1,0
BRDA:48,2,0,0
BRDA:48,2,1,0
BRDA:57,3,0,0
BRDA:57,3,1,0
BRDA:61,4,0,0
BRDA:61,4,1,0
BRDA:63,5,0,0
BRDA:63,5,1,0
BRDA:102,6,0,0
BRDA:102,6,1,0
BRDA:102,7,0,0
BRDA:102,7,1,0
BRDA:105,8,0,0
BRDA:105,8,1,0
BRDA:111,9,0,0
BRDA:111,9,1,0
BRDA:112,10,0,0
BRDA:112,10,1,0
BRDA:129,11,0,0
BRDA:129,11,1,0
BRDA:130,12,0,0
BRDA:130,12,1,0
BRDA:131,13,0,0
BRDA:131,13,1,0
BRDA:132,14,0,0
BRDA:132,14,1,0
BRDA:139,15,0,0
BRDA:139,15,1,0
BRDA:149,16,0,0
BRDA:149,16,1,0
BRDA:159,17,0,0
BRDA:159,17,1,0
BRDA:163,18,0,0
BRDA:163,18,1,0
BRDA:183,19,0,0
BRDA:183,19,1,0
BRDA:183,20,0,0
BRDA:183,20,1,0
BRDA:186,21,0,0
BRDA:186,21,1,0
BRDA:188,22,0,0
BRDA:188,22,1,0
BRDA:188,23,0,0
BRDA:188,23,1,0
BRF:47
BRH:0
end_of_record
TN:
SF:src\features\moderation\useModerationActions.ts
FN:11,useModerationActions
FN:12,callEdgeFunction
FN:48,setUserRole
FN:72,muteUser
FN:88,unmuteUser
FN:100,blockPTT
FN:116,unblockPTT
FN:128,blockChat
FN:144,unblockChat
FN:156,kickUser
FN:168,(anonymous_10)
FN:169,(anonymous_11)
FN:198,banUser
FN:218,unbanUser
FNF:14
FNH:0
FNDA:0,useModerationActions
FNDA:0,callEdgeFunction
FNDA:0,setUserRole
FNDA:0,muteUser
FNDA:0,unmuteUser
FNDA:0,blockPTT
FNDA:0,unblockPTT
FNDA:0,blockChat
FNDA:0,unblockChat
FNDA:0,kickUser
FNDA:0,(anonymous_10)
FNDA:0,(anonymous_11)
FNDA:0,banUser
FNDA:0,unbanUser
DA:17,0
DA:18,0
DA:19,0
DA:29,0
DA:30,0
DA:31,0
DA:36,0
DA:37,0
DA:40,0
DA:42,0
DA:43,0
DA:44,0
DA:53,0
DA:54,0
DA:57,0
DA:58,0
DA:63,0
DA:64,0
DA:69,0
DA:77,0
DA:78,0
DA:81,0
DA:82,0
DA:85,0
DA:89,0
DA:90,0
DA:93,0
DA:94,0
DA:97,0
DA:105,0
DA:106,0
DA:109,0
DA:110,0
DA:113,0
DA:117,0
DA:118,0
DA:121,0
DA:122,0
DA:125,0
DA:133,0
DA:134,0
DA:137,0
DA:138,0
DA:141,0
DA:145,0
DA:146,0
DA:149,0
DA:150,0
DA:153,0
DA:157,0
DA:158,0
DA:161,0
DA:162,0
DA:165,0
DA:166,0
DA:168,0
DA:169,0
DA:170,0
DA:171,0
DA:172,0
DA:182,0
DA:183,0
DA:185,0
DA:186,0
DA:188,0
DA:189,0
DA:190,0
DA:195,0
DA:204,0
DA:205,0
DA:208,0
DA:209,0
DA:212,0
DA:215,0
DA:219,0
DA:220,0
DA:223,0
DA:226,0
LF:78
LH:0
BRDA:23,0,0,0
BRDA:23,0,1,0
BRDA:25,1,0,0
BRDA:25,1,1,0
BRDA:29,2,0,0
BRDA:29,2,1,0
BRDA:32,3,0,0
BRDA:32,3,1,0
BRDA:36,4,0,0
BRDA:36,4,1,0
BRDA:50,5,0,0
BRDA:53,6,0,0
BRDA:53,6,1,0
BRDA:57,7,0,0
BRDA:57,7,1,0
BRDA:63,8,0,0
BRDA:63,8,1,0
BRDA:74,9,0,0
BRDA:75,10,0,0
BRDA:77,11,0,0
BRDA:77,11,1,0
BRDA:81,12,0,0
BRDA:81,12,1,0
BRDA:88,13,0,0
BRDA:89,14,0,0
BRDA:89,14,1,0
BRDA:93,15,0,0
BRDA:93,15,1,0
BRDA:102,16,0,0
BRDA:103,17,0,0
BRDA:105,18,0,0
BRDA:105,18,1,0
BRDA:109,19,0,0
BRDA:109,19,1,0
BRDA:116,20,0,0
BRDA:117,21,0,0
BRDA:117,21,1,0
BRDA:121,22,0,0
BRDA:121,22,1,0
BRDA:130,23,0,0
BRDA:131,24,0,0
BRDA:133,25,0,0
BRDA:133,25,1,0
BRDA:137,26,0,0
BRDA:137,26,1,0
BRDA:144,27,0,0
BRDA:145,28,0,0
BRDA:145,28,1,0
BRDA:149,29,0,0
BRDA:149,29,1,0
BRDA:156,30,0,0
BRDA:157,31,0,0
BRDA:157,31,1,0
BRDA:161,32,0,0
BRDA:161,32,1,0
BRDA:170,33,0,0
BRDA:170,33,1,0
BRDA:188,34,0,0
BRDA:188,34,1,0
BRDA:188,35,0,0
BRDA:188,35,1,0
BRDA:200,36,0,0
BRDA:201,37,0,0
BRDA:202,38,0,0
BRDA:204,39,0,0
BRDA:204,39,1,0
BRDA:208,40,0,0
BRDA:208,40,1,0
BRDA:219,41,0,0
BRDA:219,41,1,0
BRF:70
BRH:0
end_of_record
TN:
SF:src\features\payment\WalletPanel.tsx
FN:21,generateHMAC
FN:34,(anonymous_1)
FN:38,WalletPanel
FN:59,(anonymous_3)
FN:80,(anonymous_4)
FN:85,(anonymous_5)
FN:92,(anonymous_6)
FN:242,(anonymous_7)
FN:246,(anonymous_8)
FN:307,(anonymous_9)
FN:339,(anonymous_10)
FNF:11
FNH:0
FNDA:0,generateHMAC
FNDA:0,(anonymous_1)
FNDA:0,WalletPanel
FNDA:0,(anonymous_3)
FNDA:0,(anonymous_4)
FNDA:0,(anonymous_5)
FNDA:0,(anonymous_6)
FNDA:0,(anonymous_7)
FNDA:0,(anonymous_8)
FNDA:0,(anonymous_9)
FNDA:0,(anonymous_10)
DA:22,0
DA:23,0
DA:24,0
DA:31,0
DA:32,0
DA:33,0
DA:34,0
DA:39,0
DA:40,0
DA:44,0
DA:45,0
DA:46,0
DA:47,0
DA:48,0
DA:50,0
DA:59,0
DA:60,0
DA:61,0
DA:62,0
DA:63,0
DA:64,0
DA:71,0
DA:72,0
DA:74,0
DA:76,0
DA:80,0
DA:81,0
DA:85,0
DA:86,0
DA:87,0
DA:88,0
DA:89,0
DA:92,0
DA:93,0
DA:94,0
DA:96,0
DA:99,0
DA:100,0
DA:101,0
DA:104,0
DA:105,0
DA:107,0
DA:123,0
DA:125,0
DA:126,0
DA:129,0
DA:130,0
DA:131,0
DA:134,0
DA:135,0
DA:137,0
DA:138,0
DA:139,0
DA:141,0
DA:145,0
DA:243,0
DA:246,0
DA:307,0
DA:340,0
LF:59
LH:0
BRDA:60,0,0,0
BRDA:60,0,1,0
BRDA:71,1,0,0
BRDA:71,1,1,0
BRDA:72,2,0,0
BRDA:72,2,1,0
BRDA:93,3,0,0
BRDA:93,3,1,0
BRDA:93,4,0,0
BRDA:93,4,1,0
BRDA:104,5,0,0
BRDA:104,5,1,0
BRDA:105,6,0,0
BRDA:105,6,1,0
BRDA:125,7,0,0
BRDA:125,7,1,0
BRDA:126,8,0,0
BRDA:126,8,1,0
BRDA:239,9,0,0
BRDA:239,9,1,0
BRDA:248,10,0,0
BRDA:248,10,1,0
BRDA:255,11,0,0
BRDA:255,11,1,0
BRDA:318,12,0,0
BRDA:318,12,1,0
BRDA:331,13,0,0
BRDA:331,13,1,0
BRDA:333,14,0,0
BRDA:333,14,1,0
BRDA:355,15,0,0
BRDA:355,15,1,0
BRDA:357,16,0,0
BRDA:357,16,1,0
BRF:34
BRH:0
end_of_record
TN:
SF:src\features\presence\types.ts
FNF:0
FNH:0
LF:0
LH:0
BRF:0
BRH:0
end_of_record
TN:
SF:src\features\reactions\types.ts
FNF:0
FNH:0
LF:0
LH:0
BRF:0
BRH:0
end_of_record
TN:
SF:src\features\roip\ROIPBridgePanel.tsx
FN:10,ROIPBridgePanel
FN:23,(anonymous_1)
FN:29,(anonymous_2)
FN:45,(anonymous_3)
FN:48,(anonymous_4)
FN:49,(anonymous_5)
FN:76,(anonymous_6)
FN:84,(anonymous_7)
FN:91,(anonymous_8)
FN:211,(anonymous_9)
FN:244,(anonymous_10)
FN:262,(anonymous_11)
FN:285,(anonymous_12)
FN:318,(anonymous_13)
FN:346,(anonymous_14)
FNF:15
FNH:0
FNDA:0,ROIPBridgePanel
FNDA:0,(anonymous_1)
FNDA:0,(anonymous_2)
FNDA:0,(anonymous_3)
FNDA:0,(anonymous_4)
FNDA:0,(anonymous_5)
FNDA:0,(anonymous_6)
FNDA:0,(anonymous_7)
FNDA:0,(anonymous_8)
FNDA:0,(anonymous_9)
FNDA:0,(anonymous_10)
FNDA:0,(anonymous_11)
FNDA:0,(anonymous_12)
FNDA:0,(anonymous_13)
FNDA:0,(anonymous_14)
DA:11,0
DA:12,0
DA:13,0
DA:14,0
DA:15,0
DA:16,0
DA:17,0
DA:19,0
DA:20,0
DA:23,0
DA:24,0
DA:25,0
DA:26,0
DA:28,0
DA:29,0
DA:30,0
DA:31,0
DA:33,0
DA:34,0
DA:35,0
DA:37,0
DA:38,0
DA:40,0
DA:45,0
DA:46,0
DA:47,0
DA:48,0
DA:49,0
DA:50,0
DA:51,0
DA:53,0
DA:54,0
DA:55,0
DA:57,0
DA:63,0
DA:65,0
DA:69,0
DA:70,0
DA:71,0
DA:73,0
DA:76,0
DA:77,0
DA:78,0
DA:84,0
DA:85,0
DA:86,0
DA:88,0
DA:89,0
DA:91,0
DA:92,0
DA:96,0
DA:211,0
DA:244,0
DA:262,0
DA:285,0
DA:318,0
DA:346,0
LF:57
LH:0
BRDA:24,0,0,0
BRDA:24,0,1,0
BRDA:33,1,0,0
BRDA:33,1,1,0
BRDA:46,2,0,0
BRDA:46,2,1,0
BRDA:51,3,0,0
BRDA:51,3,1,0
BRDA:54,4,0,0
BRDA:54,4,1,0
BRDA:69,5,0,0
BRDA:69,5,1,0
BRDA:77,6,0,0
BRDA:77,6,1,0
BRDA:85,7,0,0
BRDA:85,7,1,0
BRDA:86,8,0,0
BRDA:86,8,1,0
BRDA:86,9,0,0
BRDA:86,9,1,0
BRDA:159,10,0,0
BRDA:159,10,1,0
BRDA:161,11,0,0
BRDA:161,11,1,0
BRDA:167,12,0,0
BRDA:167,12,1,0
BRDA:169,13,0,0
BRDA:169,13,1,0
BRDA:179,14,0,0
BRDA:179,14,1,0
BRDA:189,15,0,0
BRDA:189,15,1,0
BRDA:192,16,0,0
BRDA:192,16,1,0
BRDA:218,17,0,0
BRDA:218,17,1,0
BRDA:221,18,0,0
BRDA:221,18,1,0
BRDA:221,19,0,0
BRDA:221,19,1,0
BRDA:267,20,0,0
BRDA:267,20,1,0
BRDA:269,21,0,0
BRDA:269,21,1,0
BRDA:290,22,0,0
BRDA:290,22,1,0
BRDA:292,23,0,0
BRDA:292,23,1,0
BRDA:348,24,0,0
BRDA:348,24,1,0
BRDA:353,25,0,0
BRDA:353,25,1,0
BRDA:356,26,0,0
BRDA:356,26,1,0
BRF:54
BRH:0
end_of_record
TN:
SF:src\features\song-request\types.ts
FNF:0
FNH:0
LF:0
LH:0
BRF:0
BRH:0
end_of_record
TN:
SF:src\features\themes\themeCatalog.ts
FNF:0
FNH:0
DA:1,0
LF:1
LH:0
BRF:0
BRH:0
end_of_record
